-------------------------------------------------------------------------------
Test set: com.saucelabs.SampleSauceTest
-------------------------------------------------------------------------------
Tests run: 1, Failures: 0, Errors: 1, Skipped: 0, Time elapsed: 17.423 sec <<< FAILURE!
amazon(com.saucelabs.SampleSauceTest)  Time elapsed: 17.357 sec  <<< ERROR!
org.openqa.selenium.WebDriverException: No response on ECMAScript evaluation command
Build info: version: '2.33.0', revision: '4e90c97', time: '2013-05-22 15:32:38'
System info: os.name: 'Linux', os.arch: 'i386', os.version: '3.13.0-32-generic', java.version: '1.8.0_45'
Driver info: driver.version: OperaDriver
Command duration or timeout: 1.65 seconds
Build info: version: '2.43.0', revision: 'accb3003b9fb8f7cae30f9669b4c594a065396a6', time: '2014-09-09 22:22:51'
System info: host: 'Chip-SL-HP', ip: '192.168.1.107', os.name: 'Windows 7', os.arch: 'amd64', os.version: '6.1', java.version: '1.8.0_45'
Driver info: org.openqa.selenium.remote.RemoteWebDriver
Capabilities [{opera.arguments={pd=/tmp/opera8894998992169255594profile}, opera.logging.level=INFO, opera.host=127.0.0.1, webdriver.remote.quietExceptions=true, opera.autostart=true, opera.runner=com.opera.core.systems.runner.launcher.OperaLauncherRunner, platform=ANY, opera.no_quit=false, opera.backend=software, opera.binary=/usr/bin/opera, opera.port=7001, takesScreenshot=true, browserName=opera, javascriptEnabled=true, opera.profile={base64=UEsDBBQACAgIAE1b3kYAAAAAAAAAAAAAAAAlAAAAYXBwbGljYXRpb25fY2FjaGUvbWNhY2hlL2Fj
dGl2aXR5Lm9wcgMAUEsHCAAAAAACAAAAAAAAAFBLAwQUAAgICABNW95GAAAAAAAAAAAAAAAAHAAA
AHN0eWxlcy91c2VyL2Rpc2FibGVmb3Jtcy5jc3Mlj81OwzAQhM/xUww9Vulf2kLVXpC4A4InMPEm
seTsWvYGFCHeHQdus6MdzTeP7WBTJsVq0m5zWd3Mbl0925GuOJz3p+bh/nQ8Yr1b7FfbE4KdZVJY
dhi8c8ToJm7VC9vgdYbnHKlVSdigkzTmraneaJRPyv/3X3RRaIU1SSh+khE6EGJpKP9PEufk+0HR
7A8NXiIli3fp9MsmWmCWeI2PSVW4LpVx0hqdp+DKlBqBemJXI1MoKPg2lfM5FvIrWJhw58coSS3r
zfwY8wtQSwcI+dJYRMwAAAAEAQAAUEsDBBQACAgIAE1b3kYAAAAAAAAAAAAAAAAfAAAAc3R5bGVz
L3VzZXIvc3RydWN0dXJldGFibGVzLmNzc6VV0W6bMBR9Tr7irntIU8ECJGk6ulWbtuftYY9dHxww
xCrYyDZKs2r/Ppu41CYmqjQlUsI95557fX1svmQ7xAWWcNHKIry5uJ0uriY/UI1TiFfrzcflchPH
cLXQ4e8sa2tMJQjJ20y2HAOhosGZZBxCkGhbYfFhOvma5wIQBdbKilCs/uaAmgZTHVa0EqgqAIXK
QlV1zANcYa2t87+x5sBJuZOQRHECPxvMEfxihdwjVVL1csx4NvoprJonEKwiOfBye7mOgzhKgiRa
zeEdqRvGJaLy9q9JM8k14iWhqSqhkk9pabrFqkEcgHlEhcQ8gKncYZRb6PGxRwvGpIUeH3t0y/KD
hR4fe5RbELcr2uX6uALsPqwmMtRIwugr2Ad6BqtKztrGovQRw1EBeJ5OCkZlWKCaVIcUBKIiFJiT
wp6YIQnyR5smdsdpwD3W+5nCllW5L1ce1IyBMl6jysUlfpJhjjPGUbcGRVKWcij7HZE4FA3KOo09
R41LUGthPO3MsYyC7jt3GVuUPer10zy0yMl6rW0UnGGTGpXY11Rvzrg35/so1h8FNijPCS1TiIbT
erHlCVBUDElfoYYJcpyMkGpEmYvmRDQVUntHqG4n3FYse3QoZw3fW8Ds7nLYlj2t5DpIkpsgWa7f
NN3VdXAdB5vNfNiO/xyMHAPvIdBt/0dnIzfIcFTwnKnRqEsrhdmnDrmbea6Se9HWalsPD695ujs3
Ewzp8wxmv6MoSWaApOSXJjyH6WTyAszcMq9tmbVb2gt/W/Yd5q5CIyN0n7qXbt+BrrpGRug+dS/d
vkNddY2M0H3qXjr3S3Mf0Sd6StyNDNpH9I74lHgvMtbgUT/toMMtKxkv6egczthoxBSnWzxihxPi
4FXk0A02muIpMJYyeJ25ZQw4nuQrNJI0Na9FV39xN9PjU//u9ySXu4dTCnTA8HR3QWtHLCFUkZL6
hDpgKNQFzwmNN3ZOz7509G/0tv6n/wBQSwcIILC94uMCAABWCgAAUEsDBBQACAgIAE1b3kYAAAAA
AAAAAAAAAAAXAAAAc3R5bGVzL3VzZXIvb3V0bGluZS5jc3N1klFPgzAQx5/Hpzjn28LcgIhje9Fg
9qgmfoJCD6gplLSHuhi/u0d0cRBo04de/7//Xa+9zythHRIsOyrWu+XB26wWT6LGPQRxEoW7aBdH
sNr04RdRImhxMh2BalyLORkLa+C9Vg3eeIsHKR2I5hyBgs9zU9emAUe2y6mzQgNqrLEhx0Bq2pNV
ZUUQboMQnlu0Al5NQR/CYp9Wah8Mr07D15/rHsL2E5zRSsJ1FMVxmsKVqltjSTR0+PYk+SClD1pd
MAEzUrgKGboLk9vHEdRO+2+Dfg6lQkqLzs2YTxFSvV+oo3/7NN3yGIpdyx0ceRsinJGTyDROuydJ
D4zkFQruDRXGcJsoM/I0uvn5IpO0ZabiJWcqnIJUXfIjZm/8X3zgdxUznUuSOD4ehyz/oHpc32+q
0iI2Q7H3A1BLBwiallaGOgEAAM4CAABQSwMEFAAICAgATVveRgAAAAAAAAAAAAAAAB0AAABzdHls
ZXMvdXNlci9hY2Nlc3NpYmlsaXR5LmNzc5VWS2+bQBA+m1+xpaqURCaxMbYcokhpG/XYHnroIUql
BQazzT7IsiRxLf/3DtjYZiFOc9gD8/h2ZnbmG27ijOoCDHFLk3pz98q5OBt8pwJCMg4uR7P5aB74
zuBzHENRsIhxZpaE06UqjTP4qvKlZovMEH809smPHDQlP1VqnqkGcnbhnJGVM0iVNF5KBePLkBRU
Fl4BmqXkAxO50oZKc7U1Ktjf6t55/tJWGngxHuVsIUPCITU9WqMROFVahEQqCT0WCcRKU8OU7DN5
VjrxipzGTC5CMjoPhGgbcDAG9KGJ3zFhErwMqoJgFucBWPpYcaVDEnEaP7Q1EUoWWpUyCcnH2/m3
6e3ECo8lJgsJLY1qKwR98bbKblKCyUY5smvaxNkP2Wj7MRutDbp2MiM4OQvDCPAtYEiab5pi8cgq
YUWOzdPB3To+No5kFWM/gMQ7VA7SeyyVacWxd9gi7+xjrgroc4hUsqzaMadJgi/oRcoYhe3i288k
qF4wbJJxld7RigdTy3ft0LtMQ3pPVp2ew8cFXbVIO6ytQ5ippyqP17tk0G6T54y1M9xfHtLYsCeo
wA496hHJcTJl3wAdHY+1w8RiSFT0B2JzZ5Y5/L52maALcDHVCGcHdNdtX43au/l4A0VAwkpBCsVZ
0q0CRiLz0gxJFTTmQoekAI54B6X78kbpfvWUrkatY7p2K2j3fkgOZTktioojqkgPR2B8bvXP2mki
axsGtllUYv/J9i0p42DfXJSRYJ14Nt62VANSeSVs5bMrcZtJY2wEbLl2nf6PowrGn9quu7nCgbKp
5oCGOsP2ah3rdqb12nmA5f1mzodkk3ePYpNwV85pBLxH7nBYgEx6NM37dVSbFtvyjHviEmqMPtlZ
nRL31N3xh1ctqmpNTECgcMd8TNocgJlG2MVGK4lTAgJZc4zHxzPBE+CZ4pmRVb0kn7cVixRPLEoc
79btdpPORp+OrqhRp+aZb2MEb2B03y2b2Bj+Gxj2qkSMwMYYvx9jamOM3p/LzMK4fD/EUVo/HCzv
iNErHLufoGlnGd9UVEpJrpms6bH+GzsSyPH9guRwWIfp+cz+/1njnc4/UEsHCCe0pJ4vAwAAUQoA
AFBLAwQUAAgICABNW95GAAAAAAAAAAAAAAAAGgAAAHN0eWxlcy91c2VyL2NvbnRyYXN0YncuY3Nz
lZFPSwMxEMXPm08xrhctW/qHKnWLUCyIJz146KH0kN2dbaLZZJnMtpbS726qIN0WBXObN3nh916m
uZLkkSFuuOyO44nodaJnWWEKg9Fd/3bcH49uRPSkVwpyZ5mkZ7h66M2vRTRz9ZbCgmHYHwzhpUaS
8OpK3khC6PREB3Yiyp1xlEJmZP4OF7qqHbG0PIlElAVpRa6xRQobpRmP92IvsobZ2QS0rRte8LbG
+7jUBuNlW/NNVmk+Vb/dpyphSBsv/0HmtVkjnaDJhSIswzOMH9wtMHckWTubQvAgGW1bYX4MqXLh
sQRaIxwXdVZEC6f7G/QRk65WsMscBY4UWGkL3hldnHv2YlphoSX4nBBD0TW5N8wPORJQ0hYKTZEA
rw94XyWGIeQN3ysT8GjC3cPqryZbVV4+hjObtbijfUAXn1BLBwglzV6ZPwEAAIgCAABQSwMEFAAI
CAgATVveRgAAAAAAAAAAAAAAAB4AAABzdHlsZXMvdXNlci9zdHJ1Y3R1cmVibG9jay5jc3Odlk1z
0zAQhs/NrxC9AB2HxkrsBMMwMHCGA8cOB9WSEw2yZWQZ6DD8d+Q0iSRrVSdMe4h3n333tT79vtwR
1TGNrntdzTfXb2a3N1efSc0KNM83eYbTdbpAN7dD+JMs+5o1GnVa9aXuFUO86VpWaqnQHN0LWX7v
Xs2uPlDaIdIg2WvBG4Yqky5lXcvmVEkEYoINYkPBR9k+KL7daYQXKUZfWqYI+ior/YuYHqY5oVSx
riuKe2bEWIJOAVJpppLZvvePXmpmGTd2xCR9eEeZcKBT5IBQapPD78cwmlH+00kMD8cCR40Kp0A7
cW3jFWeCmhG3WRs5MVLVTn7/dMztUpsZfh9s7LATxja8dMJLG1454ZUNZ044s+HcCef+aJoVMBrN
feSACLZljTOix+fjywju5PipTDpjKu3ctDba2qBy5nz/cEj0jkh/FEF/ZleVbPS8IjUXDwXqSNPN
O6Z4hZ7xupVKk0a/OUC/2LAqC/NeggLpTj8Is1EaMz9mQXt5zX7rOWWlVERz2QyQ2QkeUkohVYHU
9v4FxnmC8SbBy+ylD92T8vtWyb6hc4fP0iRd4AQvVnGc12TLoL6HbVmgtP2NOik43WsuEvP30uRb
s7l4sy3QwuS9ypqoLW+ARCUk0VCvVnb88f07bQai9LOUd60gZhJ4Mzia73esh/x1djZqob1tVwKK
bN3IRgSX3rA8nHFeLpL9/1mTgrNsmJFkRP+NHR2jXpeugVWe5GmyXo+7jc5K9Kc0S9UctAV6/vaQ
e/fcrXFKDr6cittISXjgemU2/VQh0C5eaGfXq6AUAgHlEBzfBr4uE3Eekg95Z959af4TRCFVAI34
DdtHjIaghhU1BEKKATi+4zz+mIwXAT2iRc5N6XcxCRiG1AHY3rMeu0shENAEQAwrYgiEFENwCSsu
IRBSDMEVrLiCQEgxBDNYMYNASDEEc1gxh0BIMQDHXzIeb+JxHpAHeP8zyMMfU7ECQD5SwGF1DoGQ
agC2oGALYIBcgEn41JLBYSThUysEne8+36EKrg77VThyGaI97LMP2vewzxAcznYUuQru8LfIbYCe
uhHubvE3uCTaaPlUo4lmyyeaRRuuphpONF1NNI02zs5pPNE8O6N51EB+roEJE/mZJqJG1pcYmTCz
vsBM1NDmUkMTpjYXmooae/0/xibMvR6b+wdQSwcIXQZNRXUDAABrEQAAUEsDBBQACAgIAE1b3kYA
AAAAAAAAAAAAAAAdAAAAc3R5bGVzL3VzZXIvZGlzYWJsZWJyZWFrcy5jc3MVzjFOw0AQRuHae4qf
lBZOHItIJGlQ0lABMieY2ON4hXdnNTsGRYi7E7ev+d5LN5JmNqxmG6rn1dFtyuKNAh9QNfVuu3/a
7+oG5WbpH3RlTHST2eBjTtyZKCpMPjIuyvSV1w5l0XKQb844taDY47UFTxw4WsagEmAjo5duXtLa
FWdJN/XX0dDU2wbviZXwKYP9kPJCX/QRo+LXFb3P6T5wQJQ7+eBDEjWKdnR/zv0DUEsHCLDorPCv
AAAAzAAAAFBLAwQUAAgICABNW95GAAAAAAAAAAAAAAAAIgAAAHN0eWxlcy91c2VyL2Rpc2FibGVw
b3NpdGlvbmluZy5jc3M9jkFrwkAUhM/ZXzH1IoSmahpqGy+Cd5X2F7yGl2Qh2bfsPpEg/e9dFb0N
M3wzs216CpEVs5O2xedsYxZ5tqeRaxTl8qtav1fVxxr54uofqWMMNMlJYV303KgEFPASrVpx1nVv
Jvvm1BehPT8D+CCeg05QwTwqqW3maBNMwwAeeGSnMbE78VOwXa8ol6sShwQRfqTVMwW+vshfkdf1
LyeWb5Ja5YCLyR5bNe79eLGjl6DkdGP+jPkHUEsHCKExF2u4AAAA6gAAAFBLAwQUAAgICABNW95G
AAAAAAAAAAAAAAAAGwAAAHN0eWxlcy91c2VyL3RhYmxlbGF5b3V0LmNzc1WNwQqCQBRF185XvFwK
kzkWiG6CoGUFfcGkTx1QZ5h5UhL9e5oSuLzvnnfuMa+ldUjg91TyxM9YGHgX2WIKPBGHw15EcQxB
OJ1vskJo5KB7AtU5gzlpCxxIPpp/0eoCmy3zztrm6KBULyzWhO6WjA222JEb6ZM2g1VVTSB2kYCr
QSvhrkt6SovTfABv5v3e+KxJF/VGtUZbkh1l7MNm8YgWypkRTJepNcW+UEsHCKeSZm2qAAAA9gAA
AFBLAwQUAAgICABNW95GAAAAAAAAAAAAAAAAEwAAAHN0eWxlcy91c2VyL3RvYy5jc3PFWEtz2zYQ
Pku/AvVMZ2KP6JDgw65yyUwuPjWHXnsBSVBEAwIsCPpRT/57FyAlviD60U4ylrRL7HKx3MeHpT9n
JVEN1eii1YV3e/Fp+/Fq8zup6B79hnEcJjd+hK4+mtU7SnImDuhrqzkT9Bp9keKeKt0gXVKUy6yt
qNBIS0SQJimnSBYok0LDaoNS0tB8izZSoLI3RDmtrOwu8O6S6+3mi6yfFDuUGmE/wOhrTRVBf8hC
PxBFjRdX6Hm7KcCk17B/wMUgrB/RL6yqpdJE6E/bjaaP2stpJhXRTIo9ElJQhwoTOWy9R75DRjg7
wJ2cFvp9xrUioimkqlwaJnZeSc1jLrY34WQZ4UcXtKynCpnkUu2ROqQf/B38XU7FKcm+HZRsRe71
mtaVGsIn9FlVVpEDdblak9wkauFmRdSBicVyKlVOlfuZG0iZfuLObR5Yrss9Ii2UzmyfR68XLu86
E8KKiXPRLbgk2vmcsmFdQhsNmc2mUglZgVsf9uieNczU9TRnZpFxpp/2qGQ5lNVUnrOm5gSETJjU
T4TftxBhRZtmh1Ius29/t1JT4GX+tN+nFErodEUKTRVcwDcjtfF2h3J2P6ht7VWvVgYDiwc2HNho
YOOBTU7s1nQprJhVXfFhn+6q12KFAqwAWh3gR9St3iFOUsqB0AMVYCHXxjdgZPoXzeCihs9grj7Z
qs0l1KoYhN1VLzetBYVMwFw78qc9emOw4RTsRZIh1DtkoMOovbGwzxbOS7lfL6z1yigDkzuTNJMt
kyaTnxMAFqRiHO5toL+9hipWzHweUBLfzlHSCh/6Lkklz133HttVVYS/BSUnABdg/9eZmGpIlgep
zWwKXBv8JJgLfAhUPA/WC2jno0Zylr8K0tAAW6toF/g4WrgxAjbsr0nfU71OaHtl+Vromlcvnh3V
S5f7sHumghxysBHOj/tFIU9tRA4b0dxGsm4jcdiI5zYWyZnauHXYSOY28LqNwHcYCdCVwXZEDDRY
Hls+tHxo+cjykeVjy8eWTyyfwHA2hxAmSsAPfRY/zsuPELJioUMRp0Lfu07Z0Lf/42Dyllb9AX1z
BvZR09Y2sx0Nexr1NO5p0lOjn/b6qTm3w34h6mncU3NDip7HNRhMS8zuntqZoSNhR6KOxB1JgKDn
frDfo4s/fR/7F3M7o4EBj/hwxEcjPh7xyZE3lTrscxfAz5vOsdExEiW7JNjd3Pycgfmdk+cLlYKH
OI2ihGdRMjjqVAyXipFTMVoqxk7FeKmYOBWTpSJMlV26TykL/Z39vJgyo4zDeNd/L92YYA/3ZZcf
scG0QocO56aO0fl8uwDnlXP9RbhYP0hHw/ekHzzpcSIOLZQioKyCsvtwemO/fFObjMe5DGzDKL0y
0F3HtDrbZhgnO4xvHWkYA/pKQ546yIxhsy46DUfzkfL1Ee4ayTsXaPuu9Z/KMIIS7L6XP6Y+Plc0
ZwRenlj3amMeY/7KZv9tcnymlJOZkc0kOQ8l0zMHvsM+/wJQSwcIZL3i62UEAAApEgAAUEsDBBQA
CAgIAE1b3kYAAAAAAAAAAAAAAAAdAAAAc3R5bGVzL3VzZXIvZGlzYWJsZXRhYmxlcy5jc3N1kMFO
wzAMhs/NU5gdp3Vbh9hYd0HiDkg8gdu4a0QbR4nLViHenZTSw4AdrF/2Z/+2/FDW6AMJzDqp0vvZ
Qa3myRO2lEOa3W53u+0+y+5gvhrqL3gkaLDnTsDY4KgU9pCCYNFQWKrkke07eQljBaihluyQMhQN
l29jj+u9OdYCm3W2gWdHHuGVKzmhp2HR9+wCSnRi2C5AakIdpWKWKAXrPoofQAwNHyo5GS11DtjF
RTemdewFrRxU0hqb/sC1O/9ieJ6YZUuXsKbhxGuWE/3Xc4J/TbUJLr4vH59xwT6V+gJQSwcI1bgT
RuEAAACLAQAAUEsDBBQACAgIAE1b3kYAAAAAAAAAAAAAAAAaAAAAc3R5bGVzL3VzZXIvY29udHJh
c3R3Yi5jc3OlkU1Lw0AQhs+7v2LMSUNKPyhSU4SiF0968OCh9LBJJs1gshsmE2sp+e+uFcU0oIjH
meF99pnZVVoYblAgaCUfLYKlHofq3lQYw3R+NblcTBbzuVZ3tC0gdVbYNALnT+ObC61uXb1nPxCY
TaYzeKiRDTy6XHaGEcKxDuGgVepKxzHsChKEM6pqx2KsLLVKTPq8ZdfaLIak9EVv3GmydSsRCL6K
B5oIGiwxlW/QQUr1qcNHO520Is5GcKSvZV/jdZBTicGm32vapCI57X6kT7uM/oTB5g9mDZUvyCdq
Zl0w5h7zvvIow9SxEXI2Bp9BLsn2lvkKxIXzsAh6JYT/PNSnDVVbOCSOvUEMUpCFxpWUDTOdXlWY
kYGayR6/6ajwk8MvEqrzHvoNUEsHCPvDQHsnAQAApAIAAFBLAwQUAAgICABNW95GAAAAAAAAAAAA
AAAAFwAAAHN0eWxlcy91c2VyL2NsYXNzaWQuY3NzrZPBbtwgEIbP9lNM3Us2wl3Mxrsr76VRcolU
tYc9Jjlgw9ooGCwgStIq716821YB11IqVbYs+Z9/ho9h+Nx01FjuIHt0h3yb7dLlefKV9ryC7WpD
yjVZlXC+HNXLYeCKwdWXy/0eqGJLbeDmGpQ3Wzj4Hy55z5Wzn9LkSg8vRrSdA4ILAt8Gbijs9cE9
UcPHereC3VdVzX0eR3DbSGrtVHjrgh9pctDK5VZ893RFMTzDB9EP2jiq3O5X8ImPq1ZQa8nCsOPP
Lme80YY6oVUFSiseWgbKmFCtLx7X7qlphc/BoVxrw7g5+a2WgsFHXIxPRCY1dX9dUFtxgrHOUzVh
lAk7SPpSgVBSKJ7XUjcPgeU1jTvU+Cb4M6ggu7n2H8juMCYkA+qcORNs8VvYjVapPbtp6zNC1oiQ
LfKHvYh2SJuH1uhHxfI3/rJABSaI4ItFzBOeZIh0HJ0J1THjP4FdrNG6QJvNDNZ8t96DBmmSZOPk
w7/0doXR8X0XPynLsasIxxvoXC/DO3NU4nvjaC156EtP2qxzGmFxATbjmcpdnNrNeCZz8mfY41vy
mqY/AVBLBwii/clxrgEAAKUEAABQSwMEFAAICAgATVveRgAAAAAAAAAAAAAAABsAAABzdHlsZXMv
dXNlci9hbHRkZWJ1Z2dlci5jc3OtVG1r2zAQ/pz8ipth0AW7tZXXuhQWtlEKe4Ft30YHsqXYorJk
pHPTruy/T3LSJHZTtg8DC0t3z3N3z53lt3lJjeUIQYOraBFcDM9Gg8+04ilE4zGZJkmcEBidefPy
64clUMXg+tMVLCXCEtGIrEEO73nWFAU3w8E7innJLYiKFu7l4dRwamEtsASlYfnxewi8qvFhs/UI
1lRVe4ThgD4FtadwfTRIJawVqgBtQKg7KgVrqXuij2I4lKIopVvI2YZIIZMNB92gFIqfumJ1/WA8
AoiX+aXmhsI3vcK15zvVJVYyTTO+0u78OBzkWiFX6JqjI0lV0bj6IuvyquIkSpLz+XxOFuezN/BK
VLU2SBVeDAcrx4qs+OWaSuL6/ohzzX0VKWRasq4b+T1GTmOhUshdam66/lxLbVIwRXZCyCwkZBGS
8bRXQEbz28LoRrHoAD+ZhbMknM974Joy5vSkMHWlxl1fRU0hXCU9c6YN4y6q0op3PWvBsEwhiePX
PdlSUzzGqLUVKLRLYpGiyLteJmwt6UPqJu9nGGVS57cdyO92aJth7aSO47B9/qkvZBqH2/VSa/5T
W2iDuh/pPto6n7N24l9UPfK674QVmZACHbIUjHF1DOovVAjtVlQFPB6y2r3sZD9g/aASb/bU9tjl
P8/ao18Go+ApxN4W9KIeonYmbxkemn5eBhDceOHbi53CxH25Vvsfg5/nNAmTmIQknvTG+RfJrlN/
AFBLBwjdKLFJJwIAAB8FAABQSwMEFAAICAgATVveRgAAAAAAAAAAAAAAAB8AAABzdHlsZXMvdXNl
ci9zdHJ1Y3R1cmVpbmxpbmUuY3NzlZTPcpswEMbP9lMouaT2QI1JcDwkk2mnPbeHPoGQFocxSFiI
Jp5M370C5CCZjacdc/Du99tPf1df2DNVDWhy3eo83F4/zFfL2Q9aQUrWyf0muk+2dxuyXHXp75K1
FQhNGq1aplsFpBBNDUxLRULzvywENJ/ns6+cN4QKIlvdpUhudCarSgoLvTvQkkAJnWlX903WR1Xs
njWJo3VMftagKPklc/1CzVhmEjTLVJpmYAwhIENEcw0qIHPKlBTHypFPiYGYM8lhVIfISpnkx6cl
4VCOgJuzGM/FqPeBFcAZFqpzW7NJE9s+Z7F9xke9D6xwGNOH92RDq3rMD9FJ0mbFO0e0sZV/U2fz
+qAXyNt8lkuhw5xWRXlMjadowgZUkZOroqql0lToBwu9QHdAqVlHyRG50cfS3B0hVWXO1tM1vOqQ
A5OK6kKKDjI3wUOYLKVKidpln26joP8WPpFRtt8p2QoeOnCcJEEc3QXntL2A5i7Xr6SRZcF7PArM
b2F0XjR1Sc2Sh2sZZqVke8/iz38f+sVD6PbanXe8CeJ4G8S3yT+tM1kH6yjulro4m6XbGeSNmaMw
PZWSm8dOeLpx6RNsJ+SwKxT2+8o3H7QPS7Ah8BK3Ob2CTsBhxByDp73t1Zj8pQpkEKTCuSO+eS5Q
FHOdooBvOkw2D/CtnoLTB8mrMPlLFcgQSIXzmnmsyaMo4oqgB9TzgGCI3wRz31AP7QQcRmxR2Ot+
37uXPirA/NEC5xX3cJNHUcQYQf8CUEsHCB0sm3Y6AgAACAgAAFBLAwQUAAgICABNW95GAAAAAAAA
AAAAAAAAHQAAAHN0eWxlcy91c2VyL2Rpc2FibGVmbG9hdHMuY3NzJY1BisJAEEXX6VN83QhhoiaC
o3EjuNdBT1BKtQl0uppOiQTx7nac3efBe39/ayj2rJg+1Bab6c4s8uxIHdcoyu2yKter380W+WLk
f3RnOBrkoWh9H/imElHAOiHt5zDZmVOrhzb8DxGiBI46QAUzL55nsMkh58COO/bJM9lBwhDbe6Oo
lmWFU1IIF7H6pMjjef6DvK6vnFz+TrLKES+TfW9qjGlM2i5IVPK6M29jPlBLBwiXzZNHrwAAANwA
AABQSwMEFAAICAgATVveRgAAAAAAAAAAAAAAAA0AAABvcHVudHJ1c3QuZGF0Y2AQYGBlZXBkYGRg
AQBQSwcIk7mfJQ4AAAAMAAAAUEsDBBQACAgIAE1b3kYAAAAAAAAAAAAAAAALAAAAdXBncmFkZS5s
b2cDAFBLBwgAAAAAAgAAAAAAAABQSwMEFAAICAgATVveRgAAAAAAAAAAAAAAAA0AAABvcGljYWNy
dDYuZGF05ZkJOJTd+8fnmRn73ihbGFvJ1hlmjEHZypaQpUXrGIPJMmNmkBKN5E2WSAtKJHojbUpS
2heqtyIUlWhVhJJQlv7PmCHeeqvfe/2vq/r9XBfmnDnnPOe+73N/zvecB4GQRggIIKwQEAKNRCAE
8FgEAoGGfyE1+I/WfCqT5k7zC8baBJJZLKwR1obuQ8Vya2jBflhDAPBYGyt1uGUp4BzHiQERQZQn
WhCD9HTHyYGJ3IIoRnJkED2sQzDFAKcKlLlfiGEmjY7uwQxlsbHOVHY4nRmAMwMkXgNDDyoziIWl
+2JDWVQsmY31Z7MZLNPp08PDww3C4M4suLMBhR40nckgY7Up0wAeZwD0uJ1RmB+buwZsrSWIQZuD
GFR+DgoJIZHSa4IuMKLf/UWz8lUdpKgufAckBEV04uzjeiUgCPYVWP6DhhIBgWeHwcgMXEO9A2kU
rCuTFkRmRmBtqEw2zZdGIbNp9GCsVSjbn86ksSOAipwEwAMizhgM/3jJSeC4RYKhEYFEIHn9pq4G
MZD6WFdCAghUDCSFgOtFkTEQhDhb3lEe1bm+rZno0o+SNjkrfCdxbdbHLdEK4hcDOqzdEh/VTLbH
aLVeoKz+MI/aUVNo9v7N1l26/V2+tZr3e99nByuQjMur9oYJq6hP1Qw0SZ36JNbhkNKmPYNaMXrS
4GXIAe2X4Y7z3r6+2ffGo5Z+/mmQ6OaGep8kSrG+89SeDZJDQU+nZTzZYBepHxf9csHmg34XjQxT
MdiBAg3ZzKCLsXPC/NF1IXpL1T5ulJgyqKqfqtsCec7tCiJoxzQ1BCw5cbehkDO4/Ob6U5SsKvWB
AjNrWnGyaUn58d1Syy636sUkaA+6C29vLIGw1R/y5VvOd8xjEB+fELB3s6ebtF56GbhmVuxpJApC
QHtjIGXYIwpgAuxbZQwEfUILA0H4HxJCgFncOix6BuDGTWxFnD0U1zcbEpJDAR2gLSisKwivTyEk
NGnyt6IHcNxRVNFwFzAlRzNHPW442HBrCjNwfGsGhWxkANcOLyNlLfQkIDvyFBRy9BMKSHK/luLO
FQ2nkCCQERThTc4agrhVCAhM4zaRQasDbJ4KmIxTBPK8tSMzvGSMbKwMAd5EH6ePN+I9TBI9CS0r
/H7ey/6hGTN8jCP9by9etb+p7Arxb9mI4nAQJZfe7GjUuLrcttNzMSETF0q6ucZ2yGtOvI6aZrbj
M78JAcmpTq63d213vRi6eYu9T/LOND3ZJM/2xOePiWujK97uo+1rviFZFA11URJbPIvfKMWZpkLa
W6sl3L3iImyozq+ulC6MZ1z501r6lEXk3q2WRXWE2rCwOHz7Y1xi76dSnDwXnJRx4DT5IiNmr2JT
g32oPtj55ECaDy/jccAQr+9NY2Pd3Z2w7nY2fJZeB5yKXyDBiTgrYMEL0r82h4tXBxivs2G8HuLj
1U/qSimekZk3U2Ktap1HH+mn4BXubIj/jFdu0WgUr/8t3gec7L8Dl5OEAJx4JJw0lfN225A0ttzf
WUlcpWByID4l2O+43LugYzI61fqIvNlnvJluxIwDt6XkSx9fKJzTmJ+BsXDc2rmn2Kl/qaLU8r7c
SFPCobMVqve7uwSuHz+u5u6ypJ28/wnOtvU0oUL8CL7r/WVZ+tHA2uUrn60Qnjvtam49vk9erE15
8E5ZWVxaVuKNEdrtgGmX9lXazeDRzhjeCw0F0fBHxA9jjsJg/RvM4XmY0we6o3CDxgBvBGpoSFB0
BL7C0HfpB1cFjYwCiaPJYPmepTmLwSKwAHhOEoHXqh91uh/NF6gBVSAkKKAriUIqomU3P69RjCtK
Sg64dHvdylp7eb01CgZAa5IG34hAuh99vBVhrOE67kiaPNgqA6U8BSCHmwgwvJUkPgJbnD6ONIaz
7eEEUYR2nY7HMhXnTL+6OQl4zOWvcBYVIPxXJ6XKLFM1fhaeWBO4JVj+U49Yari2Asto7wNGcc8j
ochYreJP3jcPKMWu0pfwg3AmzqAjJdYiKDqrTm6KsgNZd1olbUZIn/vUpN3abTtQ+yo2GCiRXHJy
pBsfRonOuBMl2fYuM2ENHLtLn4aQld7LjmWLCBssaGZOtt8X0AtzFs0ax9mpIxnhwqAGY21pweRg
Co0cCCcIxZ8c7EeFkwCrj7Uz5GK1CHAKfk4u43AAGPAi8KMThsGJ2ghDMxbEINv54LSKk/MNS35Y
d8LbLi3fA7nxp4ATtsUIfAanMYwd0ig4fx//fhONJ1DR85aFrGsfJOZJJtkKO5oComH+LVpnpuPR
a5tqmmZqhrmIYU7lBejMImJiO+27nog+2PXmZni9UtUTV0rWKbtFbdJnKnaV7NY1Ce2iNa8y7Z5w
LTWDfO7Kp8aqOK3jlSudvIyWroyqq2lZlF3FnJDRbuuZKl5Y3nW/RnPjXz4hmFQeGjnvAafr15KB
YsOk+2fM/Qh3cGO4cy3h4H4pJ0SyarRSrPFf5tdivOxmfoU7CfvTy3Znmsqw+peQNboDE4q9GshT
h1KeW3Y/k1OPPWQbJhS2+imlrzmrJfhgiPPpuycj5WKuTJB42R+AuuIqdmSyRTO9qcRlrbpyin3e
bPmJTeBDlYKWuLNkYx4r3OJVanQWbuHJbW2isqq3bTI65ji271NMdhHP2SDJIHpJrpBxjeLqO+Nx
3NH5Ykt2p1JCmfCZh8qEXfd5M+YpunLAKfslNIXRcNThiPwHBnA1nAms4fAwjrL4KCJMeOt51K5h
/461UUn2Oo/O/iQNhzckjtVweEPjURT9vv7+JpqawC39j4cN5m5K2rhlYmM48VD02zjh2mXSjrTz
8lmNRNGbDd7ROx7tDmpVTq5kXL2htX+PR4bfczZCqLnP83xItvo0I8Wl+JBm5Wng/BNv04/J23NZ
5fTKWELLQ5/X9F2mV1GFakGpK56pPSOR9TecSWtb4hFbnmTq3zKI3OBm1XNHdUS1bYVVW8pX4cTg
wYkG/AB1PJzm/wfiTWe0JRKoKP6/g+z3lGwmY9Ap23yH3vswrzReUFO2t3ea2onw9oivoFNlemo8
uSG65PER6qDprAdi83okC5lX55+9hFQK919qyXgUKD35csOtco2QZfeWmDfVL7m5vveqcuredW4i
mrlqjbedNFWbSEUVnOo8sVOBmfqyz084T3nQXFmSVFvS1C5y30yoJEM9vSMtp3xJfkf/0RNFgwNb
Sp4tlJ+sPEcvvscjGsNFp9A4dKp9JxN4xDwGOEd+gQwm4Lg76nAgvj9vLiiVYFDKwaBcxwfl6r2B
FKC4fmZH1+Pbdw5GJf8UUBJghUT6DEpu0WQUlL+dm797j7jtktqEZMsrEtDysGW+WxtYegsV1E9e
G1hNStEJZ0Yqz+yt93x62PrGHwD5cHER48XJWcd1CW1pd+QEom7Y3l3inmM4L4vts/CDeCaiddks
Bx9m903pJxtEP+A7jm30LcjP86qSTI9eKKHrdjquIMrgY7F9ZNID/eVQaG6SoFnCcbLQtbPqGX1K
1SULfNFzCd2pIdtLMoS1du6oNH2HPdq4O13ckVK679YR6FZf2sp34sHZR1/FruGkW73gPJyh13I8
4OnuAeFJ947VlflOyIgMCqmce7ZC6mk/8WBd6B9qAXFVs2S9PCJI22nzr5XhbsaTFz5uCBMQONhb
hjz856Bdaq463gtXzZePg4Dz8deSjz9A3R++JiSMYSH99eGcxk15ne91pP30LTxjyu91an2FhVMG
6rcSWgP7wmPXO5IRcp36Uw4dilsxoJhyNwvq+VDtLKN9aTqh7lXNbKkABaPzQ7n5ZpjcbWEVCVsF
1pRLDNg5PMx0znhjXkA4o9g/sWBKYkt7r+dSbKJQdvKudyWH7ZrMi859tKzMsBBpi0i1vnZkaEXh
oscDqNWVDxJQN+4ufUF8yT2+Ro5jIXZ0sTsEs6nM4OHkhU8r41B4BnBOjWSf6D9mHz9vxb7IW74E
ERsjQf7hYfDBiJ9zOAdgx+tk+UXsbVzduQPTmQwD7wisG9XXAOvkYGXt4OTgsQjr5DHLAE5oEnHU
Mu5B9g8YiOvhg+xrPhRtB9pOHa+aLrVlRbqGRZrQ5p8BRRIsF3HE8QdZ/CgUf2OHf1M+1sese3lX
AblWdYM8SSuXqvv4XK1ATfkLY7PCN06Bi0+0FJqzZnsWvz3TusO6PRMvOrG2YMl7S63GBqELhsWh
gZevn947NH9qiE0h5T2Ymab9/ONbEbN3pXOdSb1LHLxOXlCuKd40xADbrG8M6c5L8DI3/aDuklKM
/NN9lwu+5QC6eA2dj6angNMMpIbR9H0uQdAPcwl21b+8w/veyfZf0O5LAFkmO+zYvonVmDy3cya5
9HqO98FuSdHToTOeBNfrVZzrLks03nk9t2oX05bUsy8GRZW5XH5Of9/7BjPRkvSPx1aVqXTpOnnX
DRavVm4yGmR9yK/XT9RprR44on3ilYM9Zs76TUr2azR7TR7RrTxOHlgQINhUkVtb0PPW2Hvdxq6E
0LvrQrhibMU4AMm6s8lMXxo10AfrwGKFct/W8aDTCTivx2eh9DC+0cIYISsmbTW8kHEY2FFwjRBG
1J1CZ7NZPuRAKk4LaPDyZvLnoT2oFP9gOix1aVQWP0n4FzZimKl8P3JjyRrpwYY78DYaKoPOorHp
zAgcDkznbQXanwfmS4N/SPNhUTESAxFokhKDSaawaRQqy/KLJ3G122xYu8HqAlXIwxQSQv8dTJzT
OE2gzjNaiXv3zn3y2Ev4v8GBiyx+K77dBGDEs1tvtDsPAYZYVzqMroixo322BD5n8IyXH+OuMLgl
BR5h2FM4LFAZa6wMLdiXbjm2Cf+1Mg6HN8QBgiEOpp4hXAQkfvF/LOKAk/UFJxPgEP/B5eQDGZuA
h9W0VYscXgazZYXZMoFRpTr71eutzVffznYttj20z09RQ/2s1DF8f1FRSuFi7YuMnhOb1uk079zl
1py6n5kz6fFl57UyIsd2l9W+K3a9HGQvfKZcZ4d40N5NK80zbzviH6o8avWacn5PbkyBY3+c+oQU
0+KY2i2p2QWzsy/lPehHQij4kK0GuC+DxXmcFAAomJPjQeXIo5INsAIWOTNyzOJII1Qa9Q+V9U0n
T2fS6exhXLnw6GsPbGEQj1OF3DX7mb4/Gj6Y4SMHaIhLY1ja8csAilPmD0KnsBhfjjJG2hV5Pipt
xbQNpPs/cV+h8lZrZmJHy/AaVdZAIwHiK5CNmpx+9iAqSWtDR2TKRnXdoand1sWvo0sGmP4CeWtT
O7Wr12JJZhHCRH95t7rNqDvxLioy1a/y2XMGlvtRY0NiVy0qvXvt3r00wgvMga3myWmW8Ynn73W1
CLlVMzanJ7blBFUbu6fkbJ4EVB5dOhdtm79N50PlI7MH4d1dhkeNyLmA8H9QSwcIsRQtA7wPAABS
IwAAUEsDBBQACAgIAE1b3kYAAAAAAAAAAAAAAAAEAAAAbG9jawMAUEsHCAAAAAACAAAAAAAAAFBL
AwQUAAgICABNW95GAAAAAAAAAAAAAAAACQAAAG9wdHJiLmRhdAMAUEsHCAAAAAACAAAAAAAAAFBL
AwQUAAgICABNW95GAAAAAAAAAAAAAAAAEgAAAGNhY2hlL0NBQ0hFRElSLlRBR23LsQ6CMBAA0N2v
uMTVUCVCCx/g6qA/cLRXaCItuV5D+HsbZ6c3vVeYI0phGsHgXWvfDdq1xt10q83gr70xvbn2k+26
0xneS8jgw4egimDRLgQuMFlJfIDgDJYJhRxMBzw3YmxqeySGEH3iFSWkCDilIv92vkAmGmtZRLZR
qX3fm4mPmDIWLrmxaVW/V5v6AlBLBwgr9WSOkAAAALwAAABQSwMEFAAICAgATVveRgAAAAAAAAAA
AAAAABIAAABjYWNoZS9hY3Rpdml0eS5vcHIDAFBLBwgAAAAAAgAAAAAAAABQSwMEFAAICAgATVve
RgAAAAAAAAAAAAAAAB0AAABjYWNoZS9yZXZvY2F0aW9uL2FjdGl2aXR5Lm9wcgMAUEsHCAAAAAAC
AAAAAAAAAFBLAwQUAAgICABNW95GAAAAAAAAAAAAAAAACgAAAG9wc3NsNi5kYXRjYBBgYGVlcGRg
ZGBhZGBgcBMAEixAzCAIxBYMZgzZDFkMmQwZDLYMlkC+OVDElCGdwYHBnsGOwYbBmMGIwZDBgEGf
gRWoTZiBl0EMaCKXGFCzYQGQ4AAZFbr9ZEAhkOYrLy/XS8/PT89J1UvOzy2CWMW4uxjIYGJm/gLS
ZYSsKxCkiz85taikWC+/ILUoEas2AFBLBwjUiGiMkgAAAMQAAABQSwMEFAAICAgATVveRgAAAAAA
AAAAAAAAABAAAAB2cHMvMDAwMC9hZG9jLmJ47ccxEcAgAASwv4IcNhww10BdsCGu4uiAi16yJTnK
td/UAAAAAD+w2j37M8dZzQdQSwcI23EToy8AAAAAEAAAUEsDBBQACAgIAE1b3kYAAAAAAAAAAAAA
AAAPAAAAdnBzLzAwMDAvbWQuZGF07ccxFYAgAAXA/6QIAdhowGwBW7ARznA4UMLhbrvkKNd+UwMA
AAAAAAAAAAAAAPzAavfszxxnNR9QSwcIIstQejgAAAAAMAAAUEsDBBQACAgIAE1b3kYAAAAAAAAA
AAAAAAAOAAAAdnBzLzAwMDAvdy5heHjtyLEVQEAARMF9JChCBTIdiDWgi8sUpyU9EFyogzMT/d2k
6rvnyhQAAAAAoEH3+LkGpZRSSinVWPE757KX9ShbXXNeUEsHCO8AeCpDAAAAACAAAFBLAwQUAAgI
CABNW95GAAAAAAAAAAAAAAAADgAAAHZwcy8wMDAwL3diLnZ47ccxEcAgFAWwdx873eqgMwZwwVZx
FQcDLnrJluRotb5UAAAAgB94rz7vMZ+zygZQSwcI8KU3Ki8AAAAAEAAAUEsDBBQACAgIAE1b3kYA
AAAAAAAAAAAAAAAQAAAAdnBzLzAwMDAvdXJsLmF4eO3IsRVAQABEwX0kKEIFMh2INaCLyxSnJT0Q
XKiDMxP93aTqu+fKFAAAAACgQff4uQallFJKKdVY8Tvnspf1KFtdc15QSwcI7wB4KkMAAAAAIAAA
UEsDBBQACAgIAE1b3kYAAAAAAAAAAAAAAAANAAAAYm9va21hcmtzLmFkcs1YTW/jOBI9J79CwAB7
SicUSUnkAMaCH+JMgHSSjbtn0KeGIjO2ENnSSnK83l+/Jcty6NgKbCwWswcbNsUq8j2yql7pobRV
4v1eNHlWN96breqsWHj4Gl0+lA38rH/17CItJtli6o28ZfPCrvpZI+xfXv5iHu50/HR5catHvn95
cS++xqNvVVLPLi++PYnx7143YfQjHl9efL+//cf3uJ1KVUgDEUgmCI2QkUQGWCmCFY9iLNnl5ZcP
vvHW90O7YceTMgbMsZDMIIqIBD/URFFsKBEExeTy4lE8fbuPn2Bu0dp+2Xy/FPnEVrDG96e7boFg
u8DXtbdZw1PFfL5cZM0aVnu6G82apvz15ma+vt44uE6L+c3fl838Z10sq9SOtK1fm6KUVbGqbfW3
9sncTrLlfCSL4nWeVK+bsTSZl0k2XYy2E++yxWsNO1AP9+b2Lu6XqcC0clZ6Sd6yFI4D1t8M9gPX
8HV58XDvPcZP44d7cSfFlmtn4Ofjw3hEXPpVoH0t44iJgFIeMsG1L2KNlaaI6mCAtLpIsyR3SQu3
pI2XZVlUjdeSsEfXarVyUNTdtL+CtyOs7eggGiMVG+MbRigxSHKKjZGcCB7qOBZDdHRoXD6iLR9/
2hxWt15TeP2FHeKkdZHkN3WTVM2y/H+jxmdKY8EhNg2nARDCNFEQoIHQMUcGD1HTonGJYW74eo8b
zHukdDT8tbH1GRGc6ICQSPphEFHEEaMc0xihyFBOWKQGiOhguUzwPSbifzV20WbT+p2NGvaYTCYw
5mzyv4Oh47F6un38dvtwP+pcX3nWXbqHibk2WGLmR1RTrBHTnMnIF37oE65DOgDT8fUOFaMtVF2s
FnmRTNpt7h36RwjP29OsbyZbkzNg9ybO4IczBGSMcyZCxn1qfC6gUAipCfPbBKjCQ3C9zzprrIus
LxYS6uJBbD/DYHeFy3T08LipYKeCaG0Hdq9CDTEofSSwotz4TCoNxS+AxM0FpUcqXW2TKp3ZxTRb
WIhUZ/993v4ze81K2Mt+grKL61X/4Lqopjftv5uvSbb4+ZhM7Rlwdm7Or1eBAz0KAajUhjDq0xjO
T1HMGRExCiSSLD6EDqJlneZFh80BznYHNy2LbNGceB2ft9PPCcOdzfHjxCEhhithlA6oiiQIH8p9
hKWOIoxAWx1gmiZzW28TinuYfUZ5spNJdiqiajv5ZDidwQCYOBQqVjTWEcgvSbUAWWY4xwZrjbk8
kjY6LbGwq9rFQvqUIf747SCukrcurFYrON4uy3mHANyZgzlwbNNlBdLuyitTr1kurLcsr7xk0WRf
3rJq6WZEpIxCkcRQ70IQR4hB9GFIH5pjokV8JGnUW+fOvSO9NDZQGiGQ8hNP6QWmzzfTTz6n3mTg
pKQwoYgpMsIPQCKD3kY+8kF4a4bCOD4SSt36DhbyUSkfAGpN/velvD5cafDATWWt1yF5pyIOlQhj
XwkWUh+0DTaBUVhhFkcwqI9TsZdICd2r5uM2OusTz3YTyk6JP7fCX28dDNc76K2CSEutQ64oCn0Z
SAKilgU6DA0o/iNXd+PyICr7cqeX6Wv7+a3YwziBofYzLbrjbkbF8hzd9e52qPRJ6fs4VFpKAUlS
c0GUxD5GlAZQEsznpY/sYelL349iObaLye2pCXMNmGB+mzP17fjxTvzwPuSn3YwzT3NnN3x961lS
2SvvJcstKLe6KapNHd4RFIY0gqYFByoIaMQUpF6OJCJEQiuMzZH827qa2DyDZn69x0/fwog0Xa5s
0sygTT6NocS1GODImXMmS47lME/zpAR+XorKppAGr7x3ALur5FMaEh1G2m9fFBgRBSHk80iQiAaB
OqKieh8OR72KeM7t62txhqztDI6y8+7rLJGxsRqKf9AXOEI08gOoWdC9xVrF2Gd+zDVE0ZE23w0b
6iCmff2yMlmfiNU+J+ubwYvQPj0X7MbjcF9TwYG3y8MNSJOq7XBymzZVscjS3RDUlbY97Wr9P5e2
Pk2M+q4YZRBSETYRJFbKfMSJFCQUOI5ILP1jOjxZpu27NJfP/nWWmCf/hicnBthm8jCn3fNz46pz
Okjra7aY5JB78qSEur1jeF68ZW0umi/rLD2NROyQGEjhc1BTIpYxVTIWAWaMgPSFFB/JkB8Lw+d6
VpQuib0QGcN4+bET+6Tw7qafTFJvcn4bQ92bA/VYEx8HAjppzAyTjAoVSEljyUwoD0GXVZZa2EmZ
VFm9f4N65dHKpm3DeWoSci0GrpIz56x01JkN36ZZ0dgcrs2sqOHH1azIs0my3tPbEeGCCcSYERRx
KjT0fSELQi0pAd16SNJ2UZecXrDcFQubr73HPFnYUwt9UyVvNvdvWgkzwE6+cVtuvJ5LkWs7zNN0
mU3a8Oo2c+XBnyZbJM2H1zUR57FvQKwSHFITRNJguFcRUpq0b9WPvLnsHGKXrF4RqeTFPla2PlnA
boPiU6pScFq2Ts/lyfX+CU/ZS9PSVM+yqv0BPT8Ua5cizlFggCSBQk2przhTDOof6F/EkX+sNd1m
mj2O3l/sTouz7hH+jJyVnRZnput3r8OkvOTZdNZsoqyLts7IJUUKLjSDtk9hSoJQCsX8yDDRvlBi
evDeEJeTXgWNX9elPZGUtyIrP2Okbn2dScnW5zAf6Sxp2tKft1y8QWC5IoniSDEUECYFoppDp48M
EUgGCDPK0JEucLPH/wBQSwcI6OIOaucHAAA5GwAAUEsDBBQACAgIAE1b3kYAAAAAAAAAAAAAAAAJ
AAAAdGFza3MueG1stZC9DoIwFIV3nqK5u1IQsJoW4uTixgOYBq6kCVDSH+LjW4mDhsTFOJ9zvvvl
8uo+9GRGY5UeBSRbCgTHRrdq7AR4d9swqMqITwZvaEKCtowI4RYbFxZEtQLq+kJO3mk/tdIhPPPQ
mGXvccmdGlB7ByScOtpJNigg8CyaObQLmjFKebz0V9teWnf9DkiyXV4wtmfZG4THL8OV7Vm2HTr7
g3GaH9K/GvP4490PUEsHCFF7sAerAAAApAEAAFBLAwQUAAgICABNW95GAAAAAAAAAAAAAAAACwAA
AG9wdHJ1c3QuZGF0Y2AQYGBlZXBkYGRgAQBQSwcIk7mfJQ4AAAAMAAAAUEsDBBQACAgIAE1b3kYA
AAAAAAAAAAAAAAAOAAAAb3BlcmFwcmVmcy5pbmmNksGO0zAQhu9+inkBukm7TVMhH8qGSkirpWoT
9rDqwYmniUVqRx6n3QrxZBx4pH0FJqlYgQSISyx5/hn//5d5+fb9Y4dewcbjAT3aCglO6Mk4C9NJ
LN5C5sC6AKhNgNAYgoNpEc7N8L328p3vrTW2Znn+KuGTgvOowVgo8vWbFHi+04NOPO2CCrgXGQas
AmvuXG+Dv/CpURY7saqCOeHfrrdYs0PZk8hUULGMIozTclnqZJmmy1ijwhlqXS6m88UhjqZliaNy
9l9K9uZD30FujkhBHTsZ387mSZou0lux7a2MOUBB6EdstBf3yta9qhHWHJwgM55DOX+R4leun65c
ZSIyQ6p85bdR1eehedUHV3SaufADu8ad4c4rauDe1VB0rVOaJ6vW1TIS7+04oKChcWBpKJiKuLLS
2iMR7FD5qoHMu47/4dnCI5q6GVA/Gh0aOZ1HEcfI8IStYx+QO9dylo13z5fRC0O3loOMcT9YJtG2
e/GAZ4bCL/Okn4liXpVkEqdJ9Fv5HQYFD+qIUqyN/0fTtcpk/4xcPI2m9uLKK+99OZo7mHokLr9s
kVzvGfJXP27GTU83YZARhsALR5PnYyt+AFBLBwjLWlpvxAEAAO4CAABQSwMEFAAICAgATVveRgAA
AAAAAAAAAAAAAA4AAABwbHVnaW5wYXRoLmluaW2OMQrCQBBF+5xiLhBDrASxE1tTaCUWqztJBsbZ
MLNR8WoWHskruCGgKWxm4P/3P//9fG07VAeVYo2KckaDK6pREJjPymwJ6wASIqCnCLElg5oY4dYO
d8wmTXsRkibhuy+SvsWg6IEE9rtNvoDUH/zAZYfKxdaOWdGbFkynIgxVRcd9Q2Kr8mfU7Kwd9TxZ
0TGjToFLeBDz3+y952EZau68D2IT5gNQSwcILTWGRaYAAAD6AAAAUEsDBBQACAgIAE1b3kYAAAAA
AAAAAAAAAAALAAAAb3BjZXJ0Ni5kYXRjYBBgYGVlcGRgZGABAFBLBwiTuZ8lDgAAAAwAAABQSwME
FAAICAgATVveRgAAAAAAAAAAAAAAAAwAAABvcGNhY3J0Ni5kYXTtnAVYVdva7+nu7pLOuWgQpKW7
BOkG6ZCUkg5paQREQUKQTmnpDkEQkEYaEUTCuwj3xu2u795zznfPeY7PAzjmnGvEet/x/72jJgQE
BgQsLIQIBCQEDBQEBAweBQT4N/gHkhL8C0PNwtDV2ZRC1dTxvqkjhZgIFfhiB+DXBkIGEOGg1WHg
sKG0RUC4APZ5AgEbRdPUydnU0ZZCzNDeFIQFYJxfhsdGPE9SqNm52oJIAeLza0jYOFdZi9nZOrlY
O1vamlMYG4PoAdrz28jY5GKmjs6WZpbGhs6WdrYXFbA0NnWiELe8b+kEvgIiBPDPn4TG/qmOIFqA
Gg6RMUgq6BAVEhESD9/p4g6LMThHJ2Hni6dZje1sbkBAQNMC/tBUgD9UeCY0FCQUFAZnzrcDoFju
mQAHvmhWvJkLgPpLTpDgr+k/pOUAGT4qHzfAC4CAi3/a+KjsIHACxM7BxcfFp/2f0ky/J9ftBwkL
Ae0XCbZhKJSfH8RIjpJt5zeNe8sDupUfUSxcJLPzW94F0Jzk7UsqvwusoHCODyJDd+laQzD8DGcD
2OISQq2pNBlNySdnzFuhiPP2nb1eMEG0bz97dY+hkk268+YoHQwNRiLbSrRNE71o8ls5sZnWz5Q2
ak90W+98aFqcvFtSPV3uOcvN31JhRoU1HowKBQ0JAfkUG8AE0MHNJMWGhPwGAwtAg//8xuegwZV9
LWwpYvdmqjm3Eb5JYnGwQoxMLoGDa02v5Rb9QR6q0ti3eRT0EyWoRy9jaoo4wyKf0DnkE/bKrsJ0
j+LfwyIaf6M/3qf3LfR+44TUhFYDQlgoqWafBJlKLVZKwFeCUP3VI4DLCtKgJtn3YSCS7bv9rig9
JxaQjHGm8x55ONUww6310nNpEPhBGgiurKLkaGpj6WLzo0QMAX79//seRAmQX3rQH9b1IrNrnkRo
f/kEy6VH/UYs+MFiwQ0WiydXYsGNRfW4fYH3GUXWsL7cW0S1n8TiP+w7+GvZ+E9r8J8JyDA3t1X4
25a7Ge/8RIyieLekYdTHB7dJiBPwJLcJpLj4VfaZrOCibrJ91FgoDorMwD/MKDd1gZLf7kHMplSe
SB00H6xFjYXDcRqN60lkhEjTUUCp/4qrcrInbvsOU8YW4Qkby8JRPn+QU+Vt1TudobANDzGrnYTy
4SP3ReVXhNNJeP5HAmIaXRiCrjG5DHCO0nYMKu3Gztwb5QtBpHrz3Pgh9GGy60TpEkG1rvGnUadj
67Rkt11ZtweE1K1MUAFf6qkmw6jeZp44bMQEU+xWb7xaUvctFFTp5ENr2WmCVRz3d4lo0B+evp8C
i9VV7Ng6TeOdI/8I/9lcsM+HFO0PBtMmNwREWeXPBQRq9wcB4dEwdQSbzBzsFNaGTk4UHBRKLkbW
lsZgg1naGDq6U/xoaREXZws7R0tn93N9MQT0r3mauioIH8C9dB+081xVwbkyU0jbGrOCeACuS8dh
/Z+VAu7vUMLgvi4A+EM+g8IQiAH1kB8MEqOlVA+KN2K9/m1X/2dX56rrgdj5fu16vOCeyP696/3T
K/BnXaFLRytjjzgMEqccYxZGeGpBs9hKQjgqAAV5iGNyEnNgC+oOOc0hY544bP4GNLmbT0ZcTQpE
/o0H44WB2cYSHY50vftyb1wchvm2FUV3XGaRot88orBLQv9SeEPfnoE7pyto5VUKRY/qs8AVwdcP
Us6oJTim7+Nuomc7mMiZsvpZSORedIXf8XoMR5UXsDiE7AgiO+33kHq90SkJ+xbNp/VfEC93rzql
U00k2TpBG8a0e5VICNuKp0eWvHrsbMiC+kJiOCeWcTzFJdFWSPVUItmANI9J7kgvF3HCBXg7bGog
aD4upe5iKRTzWQpZ0pLK0v/x665O3iAZD2YnQilLhXtepo3oJ/b9IdHnXg/96gevp5ZwcLE0M3QD
y5Gxi6Ppta/b9EcXVwIUfjQpBoB2aVL4qyxALADTpS3/VqbnBKMGE4wC7NWhlwSD4ZrZH/itK/+D
i73wXLCrsrODuDlBXCCw54KuJ//h5f2ZozbrvrpjjmC0lZnCQo5gE4NjkYREdvYOxg47wIiydcir
/wnsXDXkjgLnxnxYAoxJ4e49VX3Ysh5z30ZRqEdn7yERNz5A4CieHO+gvBervcv0gdzXPhlXMw5v
Fz3RqqrF4gZJr7wWUKhMdrOYaXzLWMKzfVJfaXhBCZ0/ZKUR53Suo+ZSs/0hEcGqAgvYn+s2OYwl
YA6YZhpnGuboA7r/2C8DhAogX9IQRkxFDgQQnZeIAQOGhh86O/CjHc4fJEWHgQF7BtwFQ0lvwBAA
eL44UssWR0zDpQlvJSduUGAociRFPxkFSM8fQIPBg/n92ygXSPrOI6JLexw8gBeBgAFXiRhWg4MV
MIaGgmv6nV57p5/h48nhTEU/VA1+ReBQzcJcQi8NCBXieaytT2WscYZSwlCK3SLmjHGgbdJW3jft
zhH1UjMHzZkmynVBxtwb0pAwQaKeJ1s+2XgqFebmI8JTN2nvlNK7Cr7EcTUc/8poRpeJ+jXXSeej
/W48pam4/teTbQaLF9nB7tvu24qF8K68F70W4YdeSySpJkEh5m5k6qjm6OLkTCFpbWdkaE2hYmfn
fN5XXQGXH+0G/t4u7YZ+8UE7R3s7xwtBBdEBNJf2I/tNlqp21i7nTzhdCfUNgPLScn9S9jmk9MDd
WRvsTq1QUJDPrn+bMOC+/L9Tre9dHsQBAOfAuuryII5zWIGT/1vV+jNlSEDPrNxRSlv16Ajpe4+P
xloSP0gsiHYQ3xQW3wHXGZ3YWW1C5OFtLaD6gYfeycCnNFEV/onqkc2d+OHiSJsQc9/lzdKEAUdQ
9zMSx1odqBUT0ZWjF8zj/KiFkaL51JB8y2lCkIGaqHeCJb6MBObHWdIG2kv5CmHhdriXk8Oy3TRK
/glhMJedwWadGHFNb1J5ypzKMIdRQMp1IdPr+YxTNg50oOBxARrQ/hCPww8bIcOTU2FWuNP5bc2D
6f376g9SjdUI1nY+ftJ5NRkuSlbTlKBQ+3Vs3uuzhWHjow3YRP27JW+fBnK2UeeioifEbffET2SQ
p+sE2nTkv1Qkp6roSyiqze09KkD28DnvDLCrP3QGFglb50sjXCrP98D6j8O1N4Bf648mxwGwLk2O
fJUZq62pM+gmwHdpbnZXV1dW01/vsIkpqVJY2hqDXYOVwsidwtHUjJWC3trSxtLZicLa0tCIlQFE
A9y4/DAJvTEDBYiPj4/iWt4UcucPm5qA+AHeS08BXb/7t5oC7m4w04A/zAT4R+SKoDwyw2I/jfv+
Exp70Yn5AC52LhA3wMd50Ymvkhznyf+QVvql/6QJ4WALBp9rQh/9Q0414tBP6MU8MaBvxSCDrrzV
UgyLzScrcdy7SCZ1kp9h8IVuSMq30xH60aKoOaKGsEySp2A9qS9zGPElFJI084zgoh+uQZqlfpc2
ruTu56E9wnPYIjPBEEtrMrSYZM0PEfaZM9X0y+YCxrfTauk705kz/nz3/F7hERrWqFUui0FBQoNj
hbdgcR8BMOEQDYKkIIO+iIKlAcxoCHjwZcLLAMIfEgOcQAH8ZjL9pjL9JnL8xgC/4f8A6/w2fGHI
pMukCbph4exsz8/G9lOVVeTYzhvFauxofRElgSMdaoDKF/28atcc+SL0uX7hj0OfHXwjbHXBsm9I
EPeOlQISP20aDRJdC31+9/aPoQ/h9dAHBUAihtHgZAWgoWCifyfyiZ4GoL6aOLfkIj3zoozkxM87
lkT7RuMViY10vJhUsR3xpR0D9TD29W7r2FiCFUwdcz8tt2kn6M3KltCCpkuAB+b2bUWC/ZGkurxg
9lrHA4F5wSdvSSdbDcQi7qBRPWYzespMXlsEu13A7hacqeZEWKEDe6Ryy4ZFAvkQKe7jJtxR6UXk
M/aD2GNrGIJHh2DzXI3S2a9m+F4DfnUg8Ld7OZFDfP7UuREpzv9jcmlGBVNnVzvHe9fHoldPXUGb
C+C4dCDmXz7+vRAlO3Cp7tdz+9Upfp3hueYI96+qeT5twwaiAMiuz/BgWtqa2Qlff+Q8cloHR04r
4B8lKMjfDh7/vRt3Jd3c7NwA2NG5OC+l+9fkv3nr/iyM6+d36F4q6NSKVX9bMOGMdrQ1eaAuqWUq
iQarPr2exC2go6o7AgzwbjSIhG7SiCJS30PSK/N6r8Iitzw6/kBb64XpqDQ2C7U8iZJdRXOg2s0z
h8URHdEj37kYIqS7fNzmn4TUvYiFyvVNnDgXyrEag02+vMP6xkPXXCZWt+1py2p5+EczETd9lOzs
lOKTpY14ecllvzzrvJXr73fA1LHa3r/Kj+HfQwDxSL4h745PljtERd1aZLHIJDrnFqUfYSa7NP1+
2yONMRWOU6Ux72Rr6MUuuZMe6wKzMhnKiKUKFPZbGKW91lnTKUlyUHc/9ddkPHNEk6kSEljGs/jy
etNZrv7umBG52Pvzno2A9UPPFvg+M/Q/nH+jYKGQ5DqXgD7Ar/tvzjqRX4gm2F3wfin0Mjz/7mhX
kEDGBp2zhB0AuCl+zAJc6m07RwrDy1p4mJpQuDiZUtjZWruDJACxS6f6f2rReXAHRi3MCOAPXXc1
wU/wbiiD9sFqnQzlnb7eezdlflKJ/6D2n4sGwA0CAby/zDBycAM8IO5fJvf/kxrrD0n1WxHxh0SH
AF9HgvKHhIQopkZAYPDgyjBAyV+Rvakw7VUvIEFSxzR3xgB1pInw1CQQl+7zblEnKFSXapUx/7lo
WdSXGvWqV1WyZWdR3vCaG9tiU2ZGuIYDBqg5EzNf5lqNEATVsNelu7XUAmmXmKKIn6x/zopp4ZCe
EDO2UpEdjlq1V5YfCrX07LA/KJvGcp7y1JXVGHnciOuaVbKfTbNXTBJrTrC0DwezHV2zCLH4nr+C
8BtU7b7A1lz4Ok/4xv7bwr2DHcHi9y4xHISkJMI9ztSElHGTOGeFjCodUWMw0ouRxpIhApYPe84k
G5i8FdsTXqKljw6JNZk7LeAgeC8JPXGq5kAa0BXiDH4ctqW6SoN7OVHlVwr4Ff+8vIB2ES6dX7iM
mGzgEJjgwB0CHhIFxhDQz9LNvAtoAZqAOh4i2BTmpmzmlmYAWPoBeDhYJjRoKCIYnKilEaKgwshH
91oHfK1GpQiYPQlZARq876GdtZ25Hev9q/WBCy7cd7q4dp7Tr/GXz4hpbsv7jbodAPGTGN9XqGIO
EMdvxffcmnHUMoC+0cAEURKb4MfpZJYG14Nn7lS8G225mW5YRUZoEvYm7SuJZixJiN76xeO99KZ7
kPkIRJIzR0desdoIlhSok7dsbAVQbSeW4WKECWq+NG/OTonkzz2m6OozweX164rfyg5gQMa2ezSF
8p4GaionnFB8WMQD1lLmjqJBt7e/FTJUPg0+X8WUz0qAKWNCWEPQjJ4f3kMWjN6Z0zx/Rht6clTk
tqUVIlrCD/uYdhgVCScrorDsU/3pynr0lRmBI3e3nz2QEHZ8VIV2Dw3umINLyqE6nS68zVQfNeh+
mrjHQYLOgS47AkeOWiWBkIXOnqhMIK/aQ/2hVea9QszxvE1jq1IOcLiDA/5mkC/HEBKQ8Phw0P5Q
kBB562iO8VAZMD2l6jwxDwPcZDSgS16uVb6xS+tuhwg+afJepTZGTO1DQHlq8QzZ+vFxqFTGBvms
SgMWkYVA+wYGHoLNglF48VDghq1LTEVpsKHpw6SsY1oS43iK2XpSmY8IkuSLrYLhgphKy1j7eQB2
5YqBFq6BmvLm4CuW91yVGAcPXlrMhDrseERFOaS2KMXZCL9BjX6Xuu+Q7SUoAilSovLhsWkOz9xd
Y+mbPf2Mz7kEMJeIU3mfdGI9PumZg/FkDUMOkHbMavLub7Insn1jLvMR36Rp9YlmPH6rew28wvRy
iztRUxQdkUsDzAQ3lZAC42rR3qHznmftAwWVFYklYRzB8WUXZgvV+Fshp7xBMTY5H58uPM1oUthL
b6WPer6JtSDgRGJA6kovuLlRIzjfmyjgDCoJ6HVqS3GyWZLSCYwsogQohyJ6EnBsviEKovWFUp8h
Tx6Kfnm5ykBnQyixxIT2qW5Ry26fCkYxaJh9WRGvO+7AGCNLXVOh30zpODkydTx6qUN7f2nd02A9
JUXOg5xB/rbkrjJiZVkZqUak924Uqy33wTZtLy2a7ywV2xQzvdmww9P2Z3iUehOvMEtkZPc6bjur
dOT1i0SUeKXGxQYjMi6Q60ZBf5WzSFMjmS+cff6Mn1CuGj82PUmQer2fODeJ6Y5WQtiQwnZ99as2
8VjGEf5DcFgAT/BDWIDn/H3Z9FJGz2fOrmL+QsDvxY8MuFrgRcJGufzUFQH+/motL8B9+STbLyi4
ntOfgOCKMtDYf1Dhc55Tg3lOAeY5wvfdPQpjmhRjmxvS+2z9PFNMNj/x/N+ned9xDeL5I1z/G7Xl
r2hcmLlz7Ks1mtaRM5CepeWEiCGBgspsa7FrfVfKQlqL5wSZg7DF1acXgyWBk2R5XR4xl2S4uiuR
G6oqdJRaH66pVzw+PhLKyG5d+z1mJH2KTkA0hgdqg7MZmxVv5vyYmvg6KfwT+Fq7rbVTBWSGz7cC
MiF30wq+kHiH5qxmTTiYoj5V9tyqH6YyQK25mz5be6J8F7k4qXSNdQ1m1Sh4hqnzrUKznAnZ+4Hg
O7Uyit0W8KQk6TJvxthier0cHEnam8zX2U+7YnXi3wU2pTaqPmBC3I9IjyFPtFLpmUHkznGd8AxW
Eh+7ZctgecwnTUuG+MzXU5hlfZUusOvM8NR72SuRdCz9ksaigPBfs/hXOHrelRgo7u/xOAXFEllV
frq9riml9HtwdMdski2LqTzZWTMfRbWVeK2+GjfcDy20+Y6mhFSzh4z/fqbchtL9VRNHlJwXu9Xh
4+PBAXXsSyKYTa6TZQbp68RjQ7bi4i+eQ26oG5G6Vus8kpL2SrupiVlY5MTziM1NJ9pCctLAYPkE
XpCKAr/tEG+tbcLxqNPJaxaPDffFrVMrusqsde3aJPKxBXkTpHTsTsPaz3wkwbXVDZ5UPgdnhcLu
S4UYdoJRxO73w9t4yigJApa4IdaNKZJr1s44YOpEOpuhjsSNKTL8+kVHxoWY748Yp2m9j3r+AS2T
VeSQNUFyoP6U49MBsqG3dwyTn2QLHbCVi6HLE6XDx7QIs+MZqRFh8TtwBCAv4AhvgWSsmoYfvQcT
/tJON4FR6+E2aCqEveIzwWvjCLjcHVpXN5GJ4ezsbjGUvO31JmUKKFXLBblilyCcW9kZivGvx+9U
4j1dEkEQefu54EnFjlMMPEI4hElmZeebvgYpsvTGpBX3sWflX5PGj1FHxMlubzkl1sHeRoIvsK6q
Vzvuha4gCxUbDHHHqi8UfZpQa3mynkFqx3mL+1gg/UZw0UudD8/XeT3vWPPfE4FxsTFqSZymdFOH
LvhElIe31lfHfjONzitQULkvm7NQuObFLLR/DjGU5ihp3BxX91P67g/Hg0EtEQFNQ14M/aJQN2MY
RxoWidJWCxEgCE/uvFVNS5EQiHeEyBEq8XbHSMowWWwuFMc6nsDXEAgqTdVmJMuUq7Zi5PRcrUMp
YGzBCXvyyNByRg3DTHRFzy9uSpAVp5P2GTFmxXzYehxfwMgjfgUdF85VpHVq1CNkZiqlJqp5W24p
DFkIBX2FEEXAOm1v9bNw9kJEOUE7nBHZggeAMtiUtFw7lZtCUtSOuz6rYxkJM7p4wzIApy64xnXj
3dNO6TeaSQW77A9yOLiiDl56l4G2KjmGaH2gGgMWJCGldhsaxatKYw6aFCThphlyZD1FJVcbsjid
Hs4VvmKdLFb/YDc/rl0zCNPvw4+b0E0KHPvslg9i1BRT3ZQqmbqvSmsbbFrKAR0mjJoJhiMc+w9w
pJc0tbscy/yNTSrawJ0fJRgPwLmUYNRfsrnQYBDAdqmPfzv787V8XzDYvAB/KJPvg9XCCqtTy0pc
fmPr4ndf27J+C7d/WmW+o4j9j1D0zyv5r8DxuhrX89uo1wPzoocmnp2iqiyzBwEIFIbjkFpWaeKY
xdv3TxO8+w2BOo+H+lANkGbdW7iRdllAWkNWYEY8/yeNEAjQwMSW1WOoyU3oiGMXm5WP1ep4sHgp
+3N6r0KaTAJ1cOVDOqpq51zWimAF0ztCpebq6DuhPwBxJnoqTVr2VFyaIWG7CUgP39aDnCA5N7dv
O8zdg8rjcryXmGo210Pirj9BBGNBJgm1nG4wz50IOdvPFTv72rzDxlXrZlT6eDRufL0oJ0Yz39Er
ulve42Eu7aXFj0eyZ1IXk14/+LDmV1Rpd/IW7d0cZwkqkevKAkLS9p2vaQFV3MUts4XD+xhw9g5c
/1fgYB5TEknEDd+J4ja8K3N8bzK5iyP298Chbe/D/L6KU/FzkPIL2tey1fm7DqjThh2ZHznJPFzR
YbhW6aKsoxtj8Khv35JR6GfCG0NWIT0hN8+GkgAp9n/6Cp3rnq5qNfnOmP+L79uR5A/PPrweVXdI
4uJ/HffxZZFoabTd3AmlPJcxR6j0eKpCd8eKAiLE4buO7WSjZNfKBCq9sMyC/Wq3pG5ewuQuxwy3
PtnCYsJMJyyWkxaRWr+Yd3jaoKqjcgdfLKlkRydtLdVmYxWOzdyuYT4o+69zr0TNGPJTlTcBNSoc
/ckC0ubF+J0vn5kOP3a73R6vjjl9jspEhAN5y3dHNDMBXs+mr1c2RyKyAGu1bEZ7KdNrFZ2KVHtN
6wIcWAAyHCJ49AsDuUMFeTmmqrnBNlQlYmqLSVE1xedTVdZMzIilkq0j4jZzp9nESzp8Ttl1v9mh
DZnd9AxudDwufyY7wEr8Davf0wjPMfy364YMsvDCcEan77HrFO7i2MVVTqLK3RnCsjhrueOa10jw
ftGmjJC39X6GQvT8lCXOKsbS0OCrD8GKWysPx76REm7LD35097KNrJ0u9k1ni1VabEZgk+0tTuP3
36TIbtwxYbyZJ5bXtqhn+zAGer44ZD8+0nsh9oN5Fcn9TyuhPkicSGRSHehoiEmF1ffI5kpsrKtM
75LlFeYPcAl2oH1yg7gvkqvOeCotqg0gm3oe2h3sFeZGQCgWlFAjQvrh96ZTniFJZxsQEgMrPC8/
2qzG3jipboxCsBXNG9Ls1s8sESoXYYlI/5Yr9RG6JAcTfbdCUHm2qnCUQg3KvJ7p/UvRFidGzbga
2BUNa5wFEQKaCcJapZ5on1YJYkoOUfF0sg3xdEtYgN+nVJl3Tc+J3nZs+K78llEo1vIjvPw4tNll
WqJK4S2A/KNCAa91QwxH7Bx08srngE6sTjqJah/Kd3oKaR9V+2M0dyqoml5QyGDaFL3fQYwt64+e
wypvZGNBrI6SxDBNoSq/O13EAyV77Cw/HxECGxCLzz+JhJNyv6jVB9XGQ0rv9eu1ZLL0w/5hXs0z
On47DZJOj/qP3qEGIRTE2ti1iyFtoPMxldQP2GD/vmLODnDy/v1l8yrAr/wPFu6EgVsXwTgOz+8s
3OlfFPOPWb3jAECXosx4/e4fza3Rn5fMcD70YgUPvRjBhMK6WifnNZ758tNw69+ydZerKyB2dk4Q
DxdwsaGNnQ/gASfP91Gxa/+7NuuvWFokL/sCK6j041MKeFw8E0Ym2aFGZBn5R5u+95+ZV7kJNzmJ
dlo0Takyvdervp/EFRdOlO6FzY9GfreKbGCJGofsld+LyAfVvfdkoXehUKYLnglTQ/g4x2elIzCU
hSB/DnZNV+9bbPV+a2VSEIgTlHA3kV3JTrCz1gxl4aShWrr5fqg04WlTXkPoU3O2N0/qHQgNqlnW
mLui75t5xs8Xu42bquoKjKeVDjBAH7HlKJWOSvXDsquHnZaayKEtJsG7TPnM1iCoGwQCDEeeUjmW
QQtcQmRBuh4euA3bEI9wqdTwIaJp4+rRpC1iGr9IjqQniDajyc/a0Q60ElAamYnZj481wX/4laW/
RedPbP2VpeqLfkOYvq8nQmsQnoKOsqgR8Wrsf4+lN1OjNFKBFdVkLw/3XPnEt4QJ0cdw5N0cXreN
ox6bUX8VJqak6152dNpTPAMln3aiyFmovvH1x076Wln0Tldwt9/2ABcz3h9lSyihGLMA/S3bDDl0
lCYzWVddCpF4wjqB4nPyvgeaGGypMIjaARW2E6T8H8Yzhqzd9dxJcNoXBuXibpoKbM4Kvn6+lEDU
WkHY2qB3t+7bjW0Lwh6sODodaBY7YJCskqhwRvtwKD+P7vmZu1+bezKHZi1WyYs5Ueu4bo2ZM5sA
ZIRw78iPb5Mo33xaEXBn00sbksON/LBBxdObIoacOO0bHVlmnmonhYCrMdC4y+Sll3J/TSu63esh
F6ap8gVLsQEUOKSLQdhXayRIqAuYuj19yP0xP0BMtgupuDs/gUCr7NT1sJkwVYqgYATZ74OqtQBf
kXym+3wdzvFzKL34PvgZU/WxsWjUtdYbCJpTHu3Bzf0myp67z9ppo6oE84MyGFcs8F8cnOJjnzSe
1Kw93PP0imDDXBVf4MMNoL4ng1S/98yZFbIz/RgZHcbXpLPt8V2GVHNLgnDaL88UNvdeSO29Evrs
Gxsom1KCYb/k/0hAgcFr62Za6vKjT/tERu6HEOMtDrD4pYhFZ6pDkwF3BN7sfmUY7rPvccc7na6c
eMfWM3/DMLz9HotumjCcSbh4VosII0G1YzSdxqzzcsDXG7wfe0OWFN8GD8TM7pb7q8Y86WysNcbk
42Rs/MZOau9VM9tdAcmc1dIG61wUgLuhl4olHa1hf4SJnZ++T+cbtq5rkyTflF+G75hsjXpX8xXX
25E58ehef3WC1P6RDUU7fsxPfNuwCAQQpqSMhjf9cVtgPE5FnD/pSja8LOOt29Rl8SS8F82II8Bk
Uru9n6syxvHRQPK58wt3XJKnBLacWuhWTLQiRjN95eFPD6fVHvE8Ve2DZny4pqhE8vLdsxvqNntm
n9mQmogw5wMHBhC4+F2P7clpe+PST7449LQLNybH3iaE0I4gGrAea7SQaqao7z7TMkueVZpdyp7t
QC79Yg6No//Ksa/ggyju2pSO7N39r84mqj1VjecwTf/NDuormF7OHv0xPssAv5I/Gnlc5XE1CQaW
70tZBX53G4zTlSyf70o0NbnSZlNHU1tj02uLXb/Miv2Y99WGXWjsv1Xvc3QmgNEZA0an+xU6Je4p
/Xy06N+uZb+OEtkBdg5O9nNsXiW5zpP/jk36K2RWJlSKiX59Y8NoJzUbL8enCbvV6o4pYsG9uXGW
AhmVxUt/cohx24xVnozoFZHCm6GmhJCSrm+gcA7oqaqHnrcoAvQ2SzXoc7/M1Qg78LT3SKIlMlo0
USUY4U5JTn4eZPrmL9tVdGtGbiraV0kIMSwAYgNAEiToOz5l1Eq5kYDPLJFBbivmboOik3Qmldt+
Q1JH79R2haz8wEJiKOjh3eywyFcLDL5nNA4hRa/rowpVHsvmK0cuYoMIVxXkn0wVllmN1fOpOXR7
ePhEv39A6jvpV6dF24J5thw3f+i7aHrMyYPG4GsvX8wbxJrho1mcgf9ynaSHnlK/kmRiJRuG6mjk
3UTP1SpiCeBX9NfQvL5j69w011zlfMfWj85yfZOWRfSiec5zVd+OILOc3UNZseOABptrCP6D29e2
ZWEAaMQIGjysIP4/2Jp1sYY4CpS8haZgHDwyXo1BgaV4oU/Y7emoMPpqavDxsZo2ITMKwmFpfWBe
uo/NTZUyxqmV0YAI4wP0HlrIGCXrfX2c+TjnJuwMgF9podygnWSHSjzSQbKwk6hrLTUFwgD7m723
Pqa8NHEZropnl9q7xvSE4nspExlru4tikfOY4vyNxQ0PRZ1UwvPrchkGPpuQIMkP1ecXPmEc/Obj
8+7Bx1ebAE1zwDvO4btuDzU20rhbaecxD8ylSWMLIo7Xv3lsBcrkKvnu5OrIxLPqwyYLqIjM9ZUb
D0CK1aY9nI4yuPlJu7zc8+U75Ghel20/UrPhQ0177rLGE/piB5rAu9hnZD7a5QL/JfR/Cf1HhIY7
/IHQhCImJpfzdxJu56c+Da0pxER+OSzhANhdE3pViWuDpV8+JyJ6ccb7QqtJf85NTU3pl80kVADF
pWT/cannUOUHQ5UbDFWyS6j+vOPvX12pCx4CYDkDQODhFwfvOQ+vJ//1FformlUdEnEs70HAsPDN
KdzdJK+3Ru+r+Hqjsn8mFZMjMYdB7kHckwaZ+rhNaKKFqIElGyXt8USGeG3fEmmPKdaE0+ruRh5e
FrJbMSJF9hodO4pCq+wZzt2d0Wprb/TR3dJThAXQCg3z9XCiMoKzrJSm36YoFMOWPXeIT3MoUzJA
6sBO54UPgspby7OkJYgukCtRvFHArxgwMdv/5IOlXd1b0bf3xBc7irZsRPQdtR0QeMrcTXO0MuN5
DiHYUFtiHd8N8jpO4eRJtOkyPqgqH2/bKuzDFq/qYnovBkHz1bDG0urODcyqXI4oDRetz30Mb29X
ITGZVo6I2uGWVnseb6/pqo5xatNd0Wwa8Ju8hpeihiQPznLaw69ttGrb0A1z1D1qRD9uKP6JdH7J
l/TyiwH8Hvn+bg5ZTjn/+n7i/1OvuCBfSepcIE3L+I159MdwsekiSWmTAe5+k2R3ceBvcJtGlUy4
1hWKWEsaPFQuOWIXXDk5oMXu8MV71qh9Ejzg5h5KmTIvB48UxFW/N6PcNvy4atpbYcv+lIRvHQVK
GYflUQPeXPPsbZcV6qKNfdHywDh7DPPadDguGYIRJo9eZdEsD+Oh5bqsdqYW7tfYqMsNxt7unrmI
qMIFVu+jwloPDiKIRGGVRyU+P8k1orTApRATSF7xaqCeeBGD7xQipEEM4iUod0BP6etEy3jESvwh
IulhDzloV1zuDYyT9H0D9I4vDfi+91jXeuXQtFPc0SmQWMcyjGnJ1GPjJ/zxtT0H6zuiFIJgLsiH
Cw5gUC7meUtBkFCQsJcrhL5qFlm5BcKN0vFtn1bfZMkT+61HCgs/aEycuU3CQS4dMN0u/MIyUCyk
mMpa1C0ZOoP147vipCD2XX3tJZVbwOhooLiMc+wNjGfk1Gfok1we79U8h+Zs4ZIq0TmEUHpssOYV
dwL1M26lUN37dqduqMcoMUI+IgGahMm04YsblnZ9jufCaKkPm7XaLuLZgV1p5nTg7ujyTFlgoibq
cGiOyYS8F9aCwJceNimvQ++nU2zP6J3lpoVU/ZuRRWxnjTgcAOa3XHdudWF60mNbupNimdv567+W
yQm71+rQ8VmAheRARaQOerMMl2zd/2NHWJLUYzLJ5mimWgOY+KeG5Zt1d1iaNYoLDBvsxI4TP/DB
vPMlZBw1mYqmKxd+b5OonAQnqeGqBBXXwM0YJBRU6zRj4/osQedTbrh5aJOpEbmRVppJptDgdsWm
rFFJL+0BzLspWiJrudBvGkppG3iON7Y2Yh+nUpmlFbqTY+5JL4fBD+Bwo1SHZD6n/sB9K+EA4xEh
flsT5s7iGKH60Q2/XBBTqWr9FHqL5Qxh1r65a1DqZHaq6lG8KSP2gyRebmZzz/rdO99mIeccVl71
434OvjWwwJYPTxf5mcHOb9+WjtkutDcupVxqgQDuxMcc+21Cy4qn0dJyRvP7l88tKyPMBHiYQfUb
Qxa6nzayBcWHpSGVenh1cXElNSqKz9l38AP7yMQU5RXFFf9sXBoA+Pld69mSoiBi4PwkBwwCNpak
oyl42OJIIW9oa2xx8c6E72dA4bHhVQ2tzewcTUBEAMGlEGB+L0zkl6m/qxNz0Nh/UZFzJlKCmUgK
ZiLs1Qqigh9LmL/pHDLU1i0uqNtLgj8NOv/3q301imS//goKPhA7x6+voPj/oI5/BdJB4fBwx4UY
4kPlZmI1mKSRF43Ny2G6N4OP60L6URfYhOAe72QzKCW/nLqZpVnirOzQtykaIy9y9qJzwirIVbxO
yyxRSa98lNlefOAdT4KopQDQ5lCmskMpnzVRy+dFkvGUOn3vIV5SPp6XWCru3aqXnDFno0a0BLdT
hNabj3ajNdcLPVDDpxwBK7OxudtP7actJr/BSIW6zlSsHZvbiKzV8zWwTxpB7b7KE7TlSZtnmx/J
pg1/U60uFvLhxq1nw9R8VpIFEKNZZS9ozlCFcklrR5SbkXPeFfJuqytRw5rejuNUZIksejNKSTj8
qBvW0AHeSXIpjBCrAUa+XyHtmVRhHe3hFUgfAX7h10CKfGcp/I0cLk+O8AvgBeVrSW5tjZ9XKX9i
qTTcxRGo82nZW5kCmfxBvFdbSI0drc83jtqZ2BkbXuwgvTTaDzb7xWQXR4Z+B323kjJSD4jX3vJV
ub0kdSSQHgleFPNfF+rK/5xXsa3uRaliejSG+sF6/1ZEnFMMK1SbAryDXVMUryFCHpkfUhMbBZtI
eMy0lET97puZ2vv3ODohWEC35TZX0gdC4r9xNGmsUgfRVk/w8s4y3nuP1dshJIkvl90C9xhxfOpM
SOC2yOydeQ10gZvNJHFck7wqhVudG6yAQjxXOTW5rJvluz0o3t4ElbgdexqtNArztq2jcE3D/dj7
D4QCItWrVpcKx3Y/E2o81z6OJimOW18iGTVP1IVBe4388Dn+wxoAK7OdAxe2BvW4A/b+woRM5Akn
/tM3lPSvAQkQWYfb6zuGvIU35yFN/4u+/6LvT9CH8wP6sC7PWl/syb+2a1QL0LwmyaIS31/shYSN
ce0DtvdZnAy/CzIyNvxVBt/1Gxr7d3I/3wUDVltoF8AfSveSYcjntYGAxJXVbo3/Lb7+WdW4Ou7O
B4DAXPrl3Swgdt6r5D+v4L8CzTu05eTI/qcLimHex7vhD2nufZQi32UsqUnAhGnYMR6aNzcbIHk/
QCzFtBUZ+iilmMHXtGCtgwWrp4BEzh4+SxAJ6MONVPzyfjRCCZdkW2mrjfXwZE1lL+bBnM0YF/BI
T8xpT2RtzGqhNJRfg4/XDk4gxPIuo3x7rlq1dWhv6pFA99Jp6GcsgVi3x+PTzrZx4oZDkR23S13Q
glYJw8ZsrMfc8BKy1zqReNf3qLEVndTisAP5ievJOCvCYSNqXMNfTZFTxBQgqtpG93vyONfYS8ZQ
KRvjub989VKEFqGTkGnodr7UuAnj24ec35gZm60JxWTgA1dGvA4oLbY/7qk88YmLHvi/WrIz8DQj
kkBN7A5VYnsA08eZ9+3kVPb32DDutOKleH8wsnGjNvs1Zzs9e4XXiXUaM1MDYoZq4z29fEypyiWE
p2XdgobyI7cRy261Zi4YqxPv1W4X8X0Qq+F9uswWRntzO1NJ4+gN0ilvXxuyvXJ8YhLMbKt+/Bhu
F45IWpuuiwku6jd1YCMo6hvqNnON8e2D/JPZestTViwpk5S5hJ3n2wxRkK9wK1BIn51ZMltSu5GV
5ZI4GG11dyYW4uuGtXyRDLJlbNMAJQyahwYyHVk/172djpLvv5is/N6+akpD0HDR6oPO+MGZ4IxI
L/xLY5VGVdV9prWO08pDf/3AYRGCKb8yGJJ28hxfO1yKrhmUECTScTP1+ROpLgZay7nfbH/JZIe8
BAMF50tPHFMP2aFnQgHraeGAbQkCqwONfwMTifoqv9Ib8W7CJgkHdpK8p92fprRW6W6K52lyDVmQ
UQq8kllk5/LEwSpA0C44Xqa7UTiH4z5Zxkiba3NvFX7fu8p1T6KOZT2hx6KkraghPA6WiknDN3cn
+M58q7GXkw07zxG8eubHdMoFLduANnORm6iIJV95mzRwa+rLu3oqOj1KZgbTBjk9KxZr16GXiyC6
il4sxDiqdT0dt3odqYzXOKlzig268TQfGw6foNgvw3yk485c8i0ehthIP9w5Hmll4UePCT95O2ns
bj5Q7YCEob9tpmeQKkEju1nMLTo2Inb7hvHS7VsGsQ9azd3inkZtmRee0DmiN83aK8ULmcTbZMem
KOqqWb4s3eUpVYmkqStp49gebjCNzYe0ZBGIZDztipN7sQK1rLlJSwxfHPK0iVYhsDJwPEl0gzs7
N1D9g3G105ovhX2xM9fGzrTU6Fi2c/fzISZ2h1dTa2LB2w4ZyYm8HW9WV212w6T46NuNLND2q5wq
y5G5qSzh7mFEYX56fnSsbjXvydxwh5fyKbbGk4cVIfpMcQFHfXQ20Shi8jiU6c2iN2tYSz4dRb6I
QE2heW8qGcEmss+5gzSKteDBsZ6RJvaAUezBQAiDvCvi4pAYoplexGZoTsFQke969HQnn4/Q++E7
UtrhuD36/edgUP0BDPg/SxcFC4UK+zkdFAC5iyOfF6r3Rw+CsAHMS8lE+vWJ7xehr188R8JrMBJq
wUjI/gEJ6EG0y6i/RcI/tOzvYxMQ1+UZuovX411L/oNL+yvxfz5Ajfaa1Y4+WUK0reAWpVoq8ohP
gP1XrLKexmD9Nz5BI6WAzvhp0a7n9NIXg8eIsRifB1Vnjj29nUIKVUI8ZZ53Sz/Xy8uN0Mas9/Bf
fx2xVlb4mAY+USaZEZ6tnMy1MQy9AsqL+HF1ew0/c/04Vs261oP5QbggfT1pqwo+vRDOjXo3FISk
AOu8PtnyzAco7vI71Sw9lN1j1ncffMhkCMg6GomX7qE2iqGof488Ntl79JEOickp5k06cWFnz+pc
5j5bdLj8cQk38QGhR+CczZ4hdojOk7k4JOXEMO3+4oKxw3zEfIOG6Un9WccXBth6EJBdMl+Fcj7C
Q1NCPfLvhm5JjboaZaQBfsn/E/lPnYfXNCcha7KCm9EqT2GZnSYMYr04+QAeZbABLABTJkMmXRDN
tVGG+YVNLk6qna9COoLNyeLIfjGkuL5M9bsZ/w5Xkv1Ug0ksEoNiNuZkqsWRC/wK6RTHm6tJxNzK
UFJOPjIL2BoSy8syfH4CS0rbXL32EMJIovIFQlzNCw5ZgpSWL8EhClPvHTiJmtXe3RaaG2EssFGj
+sxv1EdhV8sQ+vZ9zNaITvatrLsin2eXTMRY1sb4CoazZ6vCB5t8CUkkmlgiVr+w5DhrSLfDViji
ztiKu/EF53nXfXIniKnbt0tv3ongitCFPG61qdkWt3G/DfJGOnvh3/xtu8CWok2pSz9dPhU/AmUJ
sitTxMpJ9eszpXJbGvRjOYL9U5XJR5avVjHRZ0ImjkmlD/NnEgYo3FoMsKZohCOsTrxFeYVNsA4z
/D7Esf6XK//lyh9xJfQHrlCJW5pfvntAytLcgkLEycnF0dDW2JRCQuP6AMQWsP6jo1C/ZCBta/w9
LkfGxjjfWGACvvX9lQMgJoDhUoD/RpHnCOoCI6gdjKCiq5k1qEIdWitk4dQoZPe9l7dpXH/LoX9p
BX85Ogb8ul8fdC35L67NX3HsTe+S0/LxaN0SCwv789klP6GuPhrpSgfG1rF4TvNsJJISfcvnwq/a
qkqjBpNyXoho8Y9Mx48LTDnz5sj0ytP4H8o8U8Xi3fokbeMQ421cWfBcvzUn4IuikfLrL+0bU7yx
C3BLCDEobfQi6sc92qG43g6rXI3yjoiCr/l5le66gogjyzqoJVJyC20gcLRhqmqx15WRkkREqBRM
DYP9RJSeu+uEzhDKaI6xLuuSqDJ7J/URweHlWDgNcsJg62Q5jGh7qU/pmXzgCQY0YJYwyxl8sXbd
+UKyoTC96MyqQqrc9rqR8ngLkExaGs10EwKas2jIgnWJlJApsHpF6myRlXmrZa82URgDhr+hWNCf
UezVrVZL6C+NkpCjSbRECFDbxiZMrT/Q6Hcf+B0akRDBJU6/TXsiEGIGh6BJOUUp+YXRPL+RgP2+
MIZmc9gnj0lM00dcXzNOJCoyJuVAstUxq2LMj8rc+qcWVN0dxpco4yHfqQenUJschJn1zqTx9OVx
vrJMvdGZ4UbFZC+2oC4JMiTcvtMeyKYAHGSC8G50rsyb4nH0NBIRZwp+6dYLB4UbIISyoMDpqFS1
HSElDeHqP8F67cVtzNsgnuOzSMuE1JZoiboWMd+EoVndeR8rRn1PynKinhHqLrr4KAVoar/WnlY3
2iCjXhYfka28h0zMoguernlY5/AjZY0FVppAWmPGia9OqnHfhmQ+DZ15Js8nCP8Ham9ffFljxX7q
ukou8yuNLrY9nFpDXdLIPspTAOPriw8VD43tpgT1GmjR+D16nTD9W4vhMEYhwpfjaqvHhxaWOjbq
PQmthW9u8GjupMfWtKK+mlRDRa8UZG4IEMfxQDCAxSul1sVK/fBlqn3LW44xapAurbWoEy68H20i
4z6SsXe2pz59XAGDZb3tzil1pFG7gwGZbIuLBm35G9pw4TrayEN6lZvaQHCSjbS/280ETUKQpRYZ
CDWd9SCWqLIK9EQNL0E7mEYEX7Ve2pwt7evCjWrAaqIZN4UAQkUgkAqatdNgTTYrZzasOfm1jMgw
FXYXWyp/MKoCXn98702MVptV26+oPpP3NGQU/NHD6N5yPpGuQY2n0nHq8FbdqOAoGnWQTuycDCZn
rVjMWcMj8BaLs1JCVtx60vUkbn7F0orF7ZspxF3cYJ/8jwO1rURcy44IO9kzt2qxdoVR4dXPHs99
zpHFt5aPD+cnaE/L75Dzk6OH4FecRe8bHH7Ns5xtYO3XAqF0K2vuVvO+0Ssv81DdbaFBecFNmOEX
Rc+7XwYwW9GLMlHz2zxljvEzYHZVRnnqKIzqNcM1k+UwfG8gyNEnGymg9zMa1aJdb8RengXZpOXX
hyrP27Ydbb+lzrJ8tesXkWOfpM8lyp5PQlcV3XvSDKVmXMjFVKBimJ/LjBg84Me+V1hheVYqz9to
hiQWiyKNV4QsPlFap2PHnyEt8X8AUEsHCKaqN721NgAAOGEAAFBLAwQUAAgICABNW95GAAAAAAAA
AAAAAAAAFwAAAG1haWwvaW5kZXhlci9tZXNzYWdlX2lk7ccxEcAgAASwv4IcNhww10BdsCGu4uiA
i16yJTnKtd/UAAAAAD+w2j37M8dZzQdQSwcI23EToy8AAAAAEAAAUEsDBBQACAgIAE1b3kYAAAAA
AAAAAAAAAAASAAAAbWFpbC9vbWFpbGJhc2UuZGF07ccxEcAgAASwv4IcNhww10BdsCGu4uiAi16y
JTnKtd/UAAAAAD+w2j37M8dZzQdQSwcI23EToy8AAAAAEAAAUEsDBBQACAgIAE1b3kYAAAAAAAAA
AAAAAAANAAAAc3BlZWRkaWFsLmluaa2WzY6rNhTH93kKVuwSsDE2tEIjMCCNVOmOeueuqqsrB5yJ
FbCRcSaT+2pd9JH6Cj2QmSpVkk0zCzD2OX9//HyOzd9//vVlkFZ4T1ZupJW6kaP3Ku2ojPbwCi1+
9UrjaeM82Srnua0avY3qpHfYTu+TFtrsXmulX8D9+V8XKEdnrGw9pb1vz/Uy8aB/005+iz8K0exe
rNnr9vui0mLdyTYLof3rIEFRKtF56PviWblOLvgeOuq9uQJO32yXbZ0bfgkC6F3ZlZmmsWpMH4yT
ugXxGAzGOtEFi1KNQyeO3pnqZDqTPexd/2M0e9vIrJTjzpmhsOYwSutPlh5G2ffZPLVpZnNjI/pB
qBedvXv+pvRuPFmMdlK77GvJO9XsFk/COi2t91hm85DL+X2axOJ32RnRek8GXI+wOHBiaZ7glJCK
4TChUNQlIkUZo4rXKCzzD80jDGNfRZdhRBhJIkroh+mL7o7e48ar3gZlL8niu8iujdnBJl5Fezgc
Vu/2WaZ0K99WW9d3D0K1WUQSlGK/E2vZnWCMZuOWU7/Ld9vZVszhdb4DB7n+L/tJeMn3fQLX2GJe
FDWvWcJJkqCiZoxHtCpQydKKFIzfzza6i63oxU+jb6I9mWeRfJNNYNaqNeOpQ9m45db0MjhBGFuI
M6d69VO2SxxeUgKY49YM1yjFMeEMVVUUYR5VVZhXeYnTvOKsBAum91Mid1Hqj3PzVUz98UwDT7/X
yh0/L8VvpPNoGnU9nRFnpIAICyMWIZrHUHBaJzSswjSt009I5/gumBvRyCljbgbdh8MsvFz+7ZXj
us5xguucEFwUuCxrmmJaYUg1Xib5J4QRvS+MhN1JF+zHm+l2UBrNKnFoprN8NWyHhx4OMoIR86FE
BFGcXkJp1djA5eauYaE8DzFJ4rDiKeFFDSdSEVdxVHMggyNyPxZ2Fxa5FsdrRKyBP4PVZJ0VczVA
AUNoGUc4DJdwfMfxMgzQg2rk8GOziTLkD/s1nCeMUIYJQr4zQAK4hWGI/CnBoBJHEU1DnNLEb+YJ
Q5uvBp0NYy+U9ufeXuF8MxYsGO5GSv3dAb5BBUnk9w6+E0ygMeteLndD7BsHfzRXNyPMeZXALUCi
mtaYUVQxhqIyjXhFYv7/svMfUEsHCBAtMzJTAwAAVwkAAFBLAwQUAAgICABNW95GAAAAAAAAAAAA
AAAACwAAAG9wdGh1bWIuZGF0tZRNTsMwEIUdKP8sOAXiR27iuE5sbjP2jEvVponSsCj3YoUQVyPg
lkWlqGmk2pKf5MWb7z1LZuyOtStq9wljnxF7fG2a6iWOa8JZPS4rqmHsyiJeVUSIM1is4qqsG1jE
p+xBS+2V0wkXXikuBCmuJ15ylE5janQidTaultPRAbZnbPRLdB7kIshlkKsg10FugtwGYewrYk/7
x9iynM+W0y2+lmYHf8IRvfRtBkoSFfAP8B3O3699KOC9XHbjt0fmcnJpbmSGvdvf2B67/WL9d92N
n3FLpDJlnLA59m5/6zuc/ztiz/vneHD0+9LdAXJuJBAlRuUi1yHAIcbHTlBAPacmflt1JtAcjUgn
NhUWCXsn+DcenuAjYvf7B5GF9QYeAHbgDfcIZMA6L2Hz+fT0HMr9A1BLBwiwA3MtMwEAAEQFAABQ
SwMEFAAICAgATVveRgAAAAAAAAAAAAAAAAwAAABkb3dubG9hZC5kYXRjYBBgYGBiYGBgZGACAFBL
Bwi1XSgkDgAAAAwAAABQSwECFAAUAAgICABNW95GAAAAAAIAAAAAAAAAJQAAAAAAAAAAAAAAAAAA
AAAAYXBwbGljYXRpb25fY2FjaGUvbWNhY2hlL2FjdGl2aXR5Lm9wclBLAQIUABQACAgIAE1b3kb5
0lhEzAAAAAQBAAAcAAAAAAAAAAAAAAAAAFUAAABzdHlsZXMvdXNlci9kaXNhYmxlZm9ybXMuY3Nz
UEsBAhQAFAAICAgATVveRiCwveLjAgAAVgoAAB8AAAAAAAAAAAAAAAAAawEAAHN0eWxlcy91c2Vy
L3N0cnVjdHVyZXRhYmxlcy5jc3NQSwECFAAUAAgICABNW95GmpZWhjoBAADOAgAAFwAAAAAAAAAA
AAAAAACbBAAAc3R5bGVzL3VzZXIvb3V0bGluZS5jc3NQSwECFAAUAAgICABNW95GJ7Skni8DAABR
CgAAHQAAAAAAAAAAAAAAAAAaBgAAc3R5bGVzL3VzZXIvYWNjZXNzaWJpbGl0eS5jc3NQSwECFAAU
AAgICABNW95GJc1emT8BAACIAgAAGgAAAAAAAAAAAAAAAACUCQAAc3R5bGVzL3VzZXIvY29udHJh
c3Ridy5jc3NQSwECFAAUAAgICABNW95GXQZNRXUDAABrEQAAHgAAAAAAAAAAAAAAAAAbCwAAc3R5
bGVzL3VzZXIvc3RydWN0dXJlYmxvY2suY3NzUEsBAhQAFAAICAgATVveRrDorPCvAAAAzAAAAB0A
AAAAAAAAAAAAAAAA3A4AAHN0eWxlcy91c2VyL2Rpc2FibGVicmVha3MuY3NzUEsBAhQAFAAICAgA
TVveRqExF2u4AAAA6gAAACIAAAAAAAAAAAAAAAAA1g8AAHN0eWxlcy91c2VyL2Rpc2FibGVwb3Np
dGlvbmluZy5jc3NQSwECFAAUAAgICABNW95Gp5JmbaoAAAD2AAAAGwAAAAAAAAAAAAAAAADeEAAA
c3R5bGVzL3VzZXIvdGFibGVsYXlvdXQuY3NzUEsBAhQAFAAICAgATVveRmS94utlBAAAKRIAABMA
AAAAAAAAAAAAAAAA0REAAHN0eWxlcy91c2VyL3RvYy5jc3NQSwECFAAUAAgICABNW95G1bgTRuEA
AACLAQAAHQAAAAAAAAAAAAAAAAB3FgAAc3R5bGVzL3VzZXIvZGlzYWJsZXRhYmxlcy5jc3NQSwEC
FAAUAAgICABNW95G+8NAeycBAACkAgAAGgAAAAAAAAAAAAAAAACjFwAAc3R5bGVzL3VzZXIvY29u
dHJhc3R3Yi5jc3NQSwECFAAUAAgICABNW95Gov3Jca4BAAClBAAAFwAAAAAAAAAAAAAAAAASGQAA
c3R5bGVzL3VzZXIvY2xhc3NpZC5jc3NQSwECFAAUAAgICABNW95G3SixSScCAAAfBQAAGwAAAAAA
AAAAAAAAAAAFGwAAc3R5bGVzL3VzZXIvYWx0ZGVidWdnZXIuY3NzUEsBAhQAFAAICAgATVveRh0s
m3Y6AgAACAgAAB8AAAAAAAAAAAAAAAAAdR0AAHN0eWxlcy91c2VyL3N0cnVjdHVyZWlubGluZS5j
c3NQSwECFAAUAAgICABNW95Gl82TR68AAADcAAAAHQAAAAAAAAAAAAAAAAD8HwAAc3R5bGVzL3Vz
ZXIvZGlzYWJsZWZsb2F0cy5jc3NQSwECFAAUAAgICABNW95Gk7mfJQ4AAAAMAAAADQAAAAAAAAAA
AAAAAAD2IAAAb3B1bnRydXN0LmRhdFBLAQIUABQACAgIAE1b3kYAAAAAAgAAAAAAAAALAAAAAAAA
AAAAAAAAAD8hAAB1cGdyYWRlLmxvZ1BLAQIUABQACAgIAE1b3kaxFC0DvA8AAFIjAAANAAAAAAAA
AAAAAAAAAHohAABvcGljYWNydDYuZGF0UEsBAhQAFAAICAgATVveRgAAAAACAAAAAAAAAAQAAAAA
AAAAAAAAAAAAcTEAAGxvY2tQSwECFAAUAAgICABNW95GAAAAAAIAAAAAAAAACQAAAAAAAAAAAAAA
AAClMQAAb3B0cmIuZGF0UEsBAhQAFAAICAgATVveRiv1ZI6QAAAAvAAAABIAAAAAAAAAAAAAAAAA
3jEAAGNhY2hlL0NBQ0hFRElSLlRBR1BLAQIUABQACAgIAE1b3kYAAAAAAgAAAAAAAAASAAAAAAAA
AAAAAAAAAK4yAABjYWNoZS9hY3Rpdml0eS5vcHJQSwECFAAUAAgICABNW95GAAAAAAIAAAAAAAAA
HQAAAAAAAAAAAAAAAADwMgAAY2FjaGUvcmV2b2NhdGlvbi9hY3Rpdml0eS5vcHJQSwECFAAUAAgI
CABNW95G1IhojJIAAADEAAAACgAAAAAAAAAAAAAAAAA9MwAAb3Bzc2w2LmRhdFBLAQIUABQACAgI
AE1b3kbbcROjLwAAAAAQAAAQAAAAAAAAAAAAAAAAAAc0AAB2cHMvMDAwMC9hZG9jLmJ4UEsBAhQA
FAAICAgATVveRiLLUHo4AAAAADAAAA8AAAAAAAAAAAAAAAAAdDQAAHZwcy8wMDAwL21kLmRhdFBL
AQIUABQACAgIAE1b3kbvAHgqQwAAAAAgAAAOAAAAAAAAAAAAAAAAAOk0AAB2cHMvMDAwMC93LmF4
eFBLAQIUABQACAgIAE1b3kbwpTcqLwAAAAAQAAAOAAAAAAAAAAAAAAAAAGg1AAB2cHMvMDAwMC93
Yi52eFBLAQIUABQACAgIAE1b3kbvAHgqQwAAAAAgAAAQAAAAAAAAAAAAAAAAANM1AAB2cHMvMDAw
MC91cmwuYXh4UEsBAhQAFAAICAgATVveRujiDmrnBwAAORsAAA0AAAAAAAAAAAAAAAAAVDYAAGJv
b2ttYXJrcy5hZHJQSwECFAAUAAgICABNW95GUXuwB6sAAACkAQAACQAAAAAAAAAAAAAAAAB2PgAA
dGFza3MueG1sUEsBAhQAFAAICAgATVveRpO5nyUOAAAADAAAAAsAAAAAAAAAAAAAAAAAWD8AAG9w
dHJ1c3QuZGF0UEsBAhQAFAAICAgATVveRstaWm/EAQAA7gIAAA4AAAAAAAAAAAAAAAAAnz8AAG9w
ZXJhcHJlZnMuaW5pUEsBAhQAFAAICAgATVveRi01hkWmAAAA+gAAAA4AAAAAAAAAAAAAAAAAn0EA
AHBsdWdpbnBhdGguaW5pUEsBAhQAFAAICAgATVveRpO5nyUOAAAADAAAAAsAAAAAAAAAAAAAAAAA
gUIAAG9wY2VydDYuZGF0UEsBAhQAFAAICAgATVveRqaqN721NgAAOGEAAAwAAAAAAAAAAAAAAAAA
yEIAAG9wY2FjcnQ2LmRhdFBLAQIUABQACAgIAE1b3kbbcROjLwAAAAAQAAAXAAAAAAAAAAAAAAAA
ALd5AABtYWlsL2luZGV4ZXIvbWVzc2FnZV9pZFBLAQIUABQACAgIAE1b3kbbcROjLwAAAAAQAAAS
AAAAAAAAAAAAAAAAACt6AABtYWlsL29tYWlsYmFzZS5kYXRQSwECFAAUAAgICABNW95GEC0zMlMD
AABXCQAADQAAAAAAAAAAAAAAAACaegAAc3BlZWRkaWFsLmluaVBLAQIUABQACAgIAE1b3kawA3Mt
MwEAAEQFAAALAAAAAAAAAAAAAAAAACh+AABvcHRodW1iLmRhdFBLAQIUABQACAgIAE1b3ka1XSgk
DgAAAAwAAAAMAAAAAAAAAAAAAAAAAJR/AABkb3dubG9hZC5kYXRQSwUGAAAAACsAKwABCwAA3H8A
AAAA, className=com.opera.core.systems.OperaProfile}, opera.idle=false, hasMetadata=true, opera.detach=false, version=, proxy={socksPassword=null, socksUsername=null, httpProxy=null, proxyType=UNSPECIFIED, ftpProxy=null, socksProxy=null, hCode=31704282, proxyAutoconfigUrl=null, autodetect=false, httpsProxy=null, noProxy=null, class=org.openqa.selenium.Proxy, sslProxy=null}, opera.launcher=/home/chef/.launcher/launcher-linux-i386, webdriver.remote.sessionid=7900adefab18420ab821cda31223243d, opera.product=Opera Desktop, cssSelectorsEnabled=true, opera.no_restart=false}]
Session ID: 7900adefab18420ab821cda31223243d
	at sun.reflect.NativeConstructorAccessorImpl.newInstance0(Native Method)
	at sun.reflect.NativeConstructorAccessorImpl.newInstance(NativeConstructorAccessorImpl.java:62)
	at sun.reflect.DelegatingConstructorAccessorImpl.newInstance(DelegatingConstructorAccessorImpl.java:45)
	at java.lang.reflect.Constructor.newInstance(Constructor.java:422)
	at org.openqa.selenium.remote.ErrorHandler.createThrowable(ErrorHandler.java:204)
	at org.openqa.selenium.remote.ErrorHandler.throwIfResponseFailed(ErrorHandler.java:156)
	at org.openqa.selenium.remote.RemoteWebDriver.execute(RemoteWebDriver.java:599)
	at org.openqa.selenium.remote.RemoteWebElement.execute(RemoteWebElement.java:268)
	at org.openqa.selenium.remote.RemoteWebElement.submit(RemoteWebElement.java:83)
	at com.saucelabs.SampleSauceTest.amazon(SampleSauceTest.java:159)
	at sun.reflect.NativeMethodAccessorImpl.invoke0(Native Method)
	at sun.reflect.NativeMethodAccessorImpl.invoke(NativeMethodAccessorImpl.java:62)
	at sun.reflect.DelegatingMethodAccessorImpl.invoke(DelegatingMethodAccessorImpl.java:43)
	at java.lang.reflect.Method.invoke(Method.java:497)
	at org.junit.runners.model.FrameworkMethod$1.runReflectiveCall(FrameworkMethod.java:47)
	at org.junit.internal.runners.model.ReflectiveCallable.run(ReflectiveCallable.java:12)
	at org.junit.runners.model.FrameworkMethod.invokeExplosively(FrameworkMethod.java:44)
	at org.junit.internal.runners.statements.InvokeMethod.evaluate(InvokeMethod.java:17)
	at org.junit.internal.runners.statements.RunBefores.evaluate(RunBefores.java:26)
	at org.junit.internal.runners.statements.RunAfters.evaluate(RunAfters.java:27)
	at org.junit.rules.TestWatcher$1.evaluate(TestWatcher.java:55)
	at org.junit.rules.RunRules.evaluate(RunRules.java:20)
	at org.junit.runners.ParentRunner.runLeaf(ParentRunner.java:271)
	at org.junit.runners.BlockJUnit4ClassRunner.runChild(BlockJUnit4ClassRunner.java:70)
	at org.junit.runners.BlockJUnit4ClassRunner.runChild(BlockJUnit4ClassRunner.java:50)
	at org.junit.runners.ParentRunner$3.run(ParentRunner.java:238)
	at org.junit.runners.ParentRunner$1.schedule(ParentRunner.java:63)
	at org.junit.runners.ParentRunner.runChildren(ParentRunner.java:236)
	at org.junit.runners.ParentRunner.access$000(ParentRunner.java:53)
	at org.junit.runners.ParentRunner$2.evaluate(ParentRunner.java:229)
	at org.junit.runners.ParentRunner.run(ParentRunner.java:309)
	at org.apache.maven.surefire.junit4.JUnit4Provider.execute(JUnit4Provider.java:252)
	at org.apache.maven.surefire.junit4.JUnit4Provider.executeTestSet(JUnit4Provider.java:141)
	at org.apache.maven.surefire.junit4.JUnit4Provider.invoke(JUnit4Provider.java:112)
	at sun.reflect.NativeMethodAccessorImpl.invoke0(Native Method)
	at sun.reflect.NativeMethodAccessorImpl.invoke(NativeMethodAccessorImpl.java:62)
	at sun.reflect.DelegatingMethodAccessorImpl.invoke(DelegatingMethodAccessorImpl.java:43)
	at java.lang.reflect.Method.invoke(Method.java:497)
	at org.apache.maven.surefire.util.ReflectionUtils.invokeMethodWithArray(ReflectionUtils.java:189)
	at org.apache.maven.surefire.booter.ProviderFactory$ProviderProxy.invoke(ProviderFactory.java:165)
	at org.apache.maven.surefire.booter.ProviderFactory.invokeProvider(ProviderFactory.java:85)
	at org.apache.maven.surefire.booter.ForkedBooter.runSuitesInProcess(ForkedBooter.java:115)
	at org.apache.maven.surefire.booter.ForkedBooter.main(ForkedBooter.java:75)
Caused by: org.openqa.selenium.WebDriverException: No response on ECMAScript evaluation command
Build info: version: '2.33.0', revision: '4e90c97', time: '2013-05-22 15:32:38'
System info: os.name: 'Linux', os.arch: 'i386', os.version: '3.13.0-32-generic', java.version: '1.8.0_45'
Driver info: driver.version: OperaDriver
Build info: version: '2.43.0', revision: 'accb3003b9fb8f7cae30f9669b4c594a065396a6', time: '2014-09-09 22:22:51'
System info: host: 'Chip-SL-HP', ip: '192.168.1.107', os.name: 'Windows 7', os.arch: 'amd64', os.version: '6.1', java.version: '1.8.0_45'
Driver info: driver.version: OperaDriver
	at com.opera.core.systems.scope.stp.services.ScopeEcmascriptService.eval(ScopeEcmascriptService.java:277)
	at com.opera.core.systems.scope.stp.services.ScopeEcmascriptService.eval(ScopeEcmascriptService.java:235)
	at com.opera.core.systems.scope.stp.services.ScopeEcmascriptService.eval(ScopeEcmascriptService.java:274)
	at com.opera.core.systems.scope.stp.services.ScopeEcmascriptService.eval(ScopeEcmascriptService.java:235)
	at com.opera.core.systems.scope.stp.services.ScopeEcmascriptService.eval(ScopeEcmascriptService.java:274)
	at com.opera.core.systems.scope.stp.services.ScopeEcmascriptService.eval(ScopeEcmascriptService.java:235)
	at com.opera.core.systems.scope.stp.services.ScopeEcmascriptService.eval(ScopeEcmascriptService.java:274)
	at com.opera.core.systems.scope.stp.services.ScopeEcmascriptService.eval(ScopeEcmascriptService.java:235)
	at com.opera.core.systems.scope.stp.services.ScopeEcmascriptService.eval(ScopeEcmascriptService.java:274)
	at com.opera.core.systems.scope.stp.services.ScopeEcmascriptService.eval(ScopeEcmascriptService.java:235)
	at com.opera.core.systems.scope.stp.services.ScopeEcmascriptService.eval(ScopeEcmascriptService.java:274)
	at com.opera.core.systems.scope.stp.services.ScopeEcmascriptService.executeScript(ScopeEcmascriptService.java:289)
	at com.opera.core.systems.scope.stp.services.ScopeEcmascriptService.executeScript(ScopeEcmascriptService.java:285)
	at com.opera.core.systems.scope.AbstractEcmascriptService.executeJavascript(AbstractEcmascriptService.java:169)
	at com.opera.core.systems.scope.AbstractEcmascriptService.executeJavascript(AbstractEcmascriptService.java:165)
	at com.opera.core.systems.OperaDriver.waitForLoadToComplete(OperaDriver.java:1139)
	at com.opera.core.systems.OperaWebElement.submit(OperaWebElement.java:261)
	at sun.reflect.NativeMethodAccessorImpl.invoke0(Native Method)
	at sun.reflect.NativeMethodAccessorImpl.invoke(NativeMethodAccessorImpl.java:62)
	at sun.reflect.DelegatingMethodAccessorImpl.invoke(DelegatingMethodAccessorImpl.java:43)
	at java.lang.reflect.Method.invoke(Method.java:497)
	at org.openqa.selenium.support.events.EventFiringWebDriver$EventFiringWebElement$1.invoke(EventFiringWebDriver.java:327)
	at com.sun.proxy.$Proxy2.submit(Unknown Source)
	at org.openqa.selenium.support.events.EventFiringWebDriver$EventFiringWebElement.submit(EventFiringWebDriver.java:345)
	at sun.reflect.NativeMethodAccessorImpl.invoke0(Native Method)
	at sun.reflect.NativeMethodAccessorImpl.invoke(NativeMethodAccessorImpl.java:62)
	at sun.reflect.DelegatingMethodAccessorImpl.invoke(DelegatingMethodAccessorImpl.java:43)
	at java.lang.reflect.Method.invoke(Method.java:497)
	at org.openqa.selenium.remote.server.KnownElements$1.invoke(KnownElements.java:63)
	at com.sun.proxy.$Proxy3.submit(Unknown Source)
	at org.openqa.selenium.remote.server.handler.SubmitElement.call(SubmitElement.java:29)
	at org.openqa.selenium.remote.server.handler.SubmitElement.call(SubmitElement.java:1)
	at java.util.concurrent.FutureTask.run(FutureTask.java:266)
	at org.openqa.selenium.remote.server.DefaultSession$1.run(DefaultSession.java:169)
	at java.util.concurrent.ThreadPoolExecutor.runWorker(ThreadPoolExecutor.java:1142)
	at java.util.concurrent.ThreadPoolExecutor$Worker.run(ThreadPoolExecutor.java:617)
	at java.lang.Thread.run(Thread.java:745)

